0 verbose cli /home/filou/.nvm/versions/node/v20.13.0/bin/node /home/filou/.nvm/versions/node/v20.13.0/bin/npm
1 info using npm@10.5.2
2 info using node@v20.13.0
3 timing npm:load:whichnode Completed in 1ms
4 timing config:load:defaults Completed in 1ms
5 timing config:load:file:/home/filou/.nvm/versions/node/v20.13.0/lib/node_modules/npm/npmrc Completed in 0ms
6 timing config:load:builtin Completed in 0ms
7 timing config:load:cli Completed in 2ms
8 timing config:load:env Completed in 0ms
9 timing config:load:file:/home/filou/sources/clone2/front/.npmrc Completed in 0ms
10 timing config:load:project Completed in 1ms
11 timing config:load:file:/home/filou/.npmrc Completed in 0ms
12 timing config:load:user Completed in 0ms
13 timing config:load:file:/home/filou/.nvm/versions/node/v20.13.0/etc/npmrc Completed in 0ms
14 timing config:load:global Completed in 0ms
15 timing config:load:setEnvs Completed in 1ms
16 timing config:load Completed in 5ms
17 timing npm:load:configload Completed in 5ms
18 timing config:load:flatten Completed in 1ms
19 timing npm:load:mkdirpcache Completed in 0ms
20 timing npm:load:mkdirplogs Completed in 1ms
21 verbose title npm i
22 verbose argv "i" "--cache" "./.npm-cache"
23 timing npm:load:setTitle Completed in 0ms
24 timing npm:load:display Completed in 0ms
25 verbose logfile logs-max:10 dir:/home/filou/sources/clone2/front/.npm-cache/_logs/2025-09-23T19_50_22_122Z-
26 verbose logfile /home/filou/sources/clone2/front/.npm-cache/_logs/2025-09-23T19_50_22_122Z-debug-0.log
27 timing npm:load:logFile Completed in 1ms
28 timing npm:load:timers Completed in 0ms
29 timing npm:load:configScope Completed in 0ms
30 timing npm:load Completed in 16ms
31 timing arborist:ctor Completed in 1ms
32 silly logfile done cleaning log files
33 verbose shrinkwrap failed to load node_modules/.package-lock.json out of date, updated: node_modules
34 timing idealTree:init Completed in 598ms
35 timing idealTree:userRequests Completed in 0ms
36 silly idealTree buildDeps
37 timing idealTree:#root Completed in 1ms
38 timing idealTree:buildDeps Completed in 1ms
39 timing idealTree:fixDepFlags Completed in 0ms
40 warn EBADENGINE Unsupported engine {
40 warn EBADENGINE   package: '@mendable/firecrawl-js@1.29.1',
40 warn EBADENGINE   required: { node: '>=22.0.0' },
40 warn EBADENGINE   current: { node: 'v20.13.0', npm: '10.5.2' }
40 warn EBADENGINE }
41 warn EBADENGINE Unsupported engine {
41 warn EBADENGINE   package: 'lint-staged@16.1.6',
41 warn EBADENGINE   required: { node: '>=20.17' },
41 warn EBADENGINE   current: { node: 'v20.13.0', npm: '10.5.2' }
41 warn EBADENGINE }
42 warn EBADENGINE Unsupported engine {
42 warn EBADENGINE   package: 'nano-spawn@1.0.3',
42 warn EBADENGINE   required: { node: '>=20.17' },
42 warn EBADENGINE   current: { node: 'v20.13.0', npm: '10.5.2' }
42 warn EBADENGINE }
43 warn EBADENGINE Unsupported engine {
43 warn EBADENGINE   package: 'undici@7.8.0',
43 warn EBADENGINE   required: { node: '>=20.18.1' },
43 warn EBADENGINE   current: { node: 'v20.13.0', npm: '10.5.2' }
43 warn EBADENGINE }
44 timing idealTree Completed in 607ms
45 http fetch GET 200 https://registry.npmjs.org/npm 1036ms
46 timing reify:loadTrees Completed in 1356ms
47 timing reify:diffTrees Completed in 13ms
48 silly reify mark retired [ '/home/filou/sources/clone2/front/node_modules/axios' ]
49 silly reify mark retired [ '/home/filou/sources/clone2/front/node_modules/core-js' ]
50 silly reify mark retired [ '/home/filou/sources/clone2/front/node_modules/fsevents' ]
51 silly reify mark retired [ '/home/filou/sources/clone2/front/node_modules/lint-staged' ]
52 silly reify mark retired [ '/home/filou/sources/clone2/front/node_modules/next' ]
53 silly reify mark retired [ '/home/filou/sources/clone2/front/node_modules/posthog-js' ]
54 silly reify mark retired [ '/home/filou/sources/clone2/front/node_modules/posthog-node' ]
55 silly reify mark retired [ '/home/filou/sources/clone2/front/node_modules/preact' ]
56 silly reify mark retired [ '/home/filou/sources/clone2/front/node_modules/vite' ]
57 silly reify mark retired [ '/home/filou/sources/clone2/front/node_modules/web-vitals' ]
58 silly reify mark retired [ '/home/filou/sources/clone2/front/node_modules/yaml' ]
59 silly reify mark retired [ '/home/filou/sources/clone2/front/node_modules/@dust-tt/sparkle' ]
60 silly reify mark retired [
60 silly reify   '/home/filou/sources/clone2/front/node_modules/@esbuild/darwin-arm64'
60 silly reify ]
61 silly reify mark retired [
61 silly reify   '/home/filou/sources/clone2/front/node_modules/@esbuild/openbsd-arm64'
61 silly reify ]
62 silly reify mark retired [
62 silly reify   '/home/filou/sources/clone2/front/node_modules/@esbuild/netbsd-arm64'
62 silly reify ]
63 silly reify mark retired [
63 silly reify   '/home/filou/sources/clone2/front/node_modules/@img/sharp-darwin-arm64'
63 silly reify ]
64 silly reify mark retired [
64 silly reify   '/home/filou/sources/clone2/front/node_modules/@img/sharp-libvips-darwin-arm64'
64 silly reify ]
65 silly reify mark retired [
65 silly reify   '/home/filou/sources/clone2/front/node_modules/@img/sharp-darwin-x64'
65 silly reify ]
66 silly reify mark retired [
66 silly reify   '/home/filou/sources/clone2/front/node_modules/@img/sharp-libvips-darwin-x64'
66 silly reify ]
67 silly reify mark retired [
67 silly reify   '/home/filou/sources/clone2/front/node_modules/@img/sharp-libvips-linux-arm'
67 silly reify ]
68 silly reify mark retired [
68 silly reify   '/home/filou/sources/clone2/front/node_modules/@img/sharp-libvips-linux-arm64'
68 silly reify ]
69 silly reify mark retired [
69 silly reify   '/home/filou/sources/clone2/front/node_modules/@img/sharp-libvips-linux-s390x'
69 silly reify ]
70 silly reify mark retired [
70 silly reify   '/home/filou/sources/clone2/front/node_modules/@img/sharp-libvips-linuxmusl-arm64'
70 silly reify ]
71 silly reify mark retired [
71 silly reify   '/home/filou/sources/clone2/front/node_modules/@img/sharp-linux-arm'
71 silly reify ]
72 silly reify mark retired [
72 silly reify   '/home/filou/sources/clone2/front/node_modules/@img/sharp-linux-arm64'
72 silly reify ]
73 silly reify mark retired [
73 silly reify   '/home/filou/sources/clone2/front/node_modules/@img/sharp-linux-s390x'
73 silly reify ]
74 silly reify mark retired [
74 silly reify   '/home/filou/sources/clone2/front/node_modules/@img/sharp-linuxmusl-arm64'
74 silly reify ]
75 silly reify mark retired [ '/home/filou/sources/clone2/front/node_modules/@img/sharp-wasm32' ]
76 silly reify mark retired [
76 silly reify   '/home/filou/sources/clone2/front/node_modules/@img/sharp-win32-ia32'
76 silly reify ]
77 silly reify mark retired [
77 silly reify   '/home/filou/sources/clone2/front/node_modules/@img/sharp-win32-x64'
77 silly reify ]
78 silly reify mark retired [
78 silly reify   '/home/filou/sources/clone2/front/node_modules/@next/swc-darwin-arm64'
78 silly reify ]
79 silly reify mark retired [
79 silly reify   '/home/filou/sources/clone2/front/node_modules/@next/swc-darwin-x64'
79 silly reify ]
80 silly reify mark retired [
80 silly reify   '/home/filou/sources/clone2/front/node_modules/@next/swc-linux-arm64-gnu'
80 silly reify ]
81 silly reify mark retired [
81 silly reify   '/home/filou/sources/clone2/front/node_modules/@next/swc-linux-arm64-musl'
81 silly reify ]
82 silly reify mark retired [
82 silly reify   '/home/filou/sources/clone2/front/node_modules/@next/swc-win32-arm64-msvc'
82 silly reify ]
83 silly reify mark retired [
83 silly reify   '/home/filou/sources/clone2/front/node_modules/@next/swc-win32-ia32-msvc'
83 silly reify ]
84 silly reify mark retired [
84 silly reify   '/home/filou/sources/clone2/front/node_modules/@next/swc-win32-x64-msvc'
84 silly reify ]
85 silly reify mark retired [ '/home/filou/sources/clone2/front/node_modules/@posthog/core' ]
86 silly reify mark retired [
86 silly reify   '/home/filou/sources/clone2/front/node_modules/@rollup/rollup-android-arm-eabi'
86 silly reify ]
87 silly reify mark retired [
87 silly reify   '/home/filou/sources/clone2/front/node_modules/@rollup/rollup-android-arm64'
87 silly reify ]
88 silly reify mark retired [
88 silly reify   '/home/filou/sources/clone2/front/node_modules/@rollup/rollup-darwin-arm64'
88 silly reify ]
89 silly reify mark retired [
89 silly reify   '/home/filou/sources/clone2/front/node_modules/@rollup/rollup-darwin-x64'
89 silly reify ]
90 silly reify mark retired [
90 silly reify   '/home/filou/sources/clone2/front/node_modules/@rollup/rollup-freebsd-arm64'
90 silly reify ]
91 silly reify mark retired [
91 silly reify   '/home/filou/sources/clone2/front/node_modules/@rollup/rollup-freebsd-x64'
91 silly reify ]
92 silly reify mark retired [
92 silly reify   '/home/filou/sources/clone2/front/node_modules/@rollup/rollup-linux-arm-gnueabihf'
92 silly reify ]
93 silly reify mark retired [
93 silly reify   '/home/filou/sources/clone2/front/node_modules/@rollup/rollup-linux-arm-musleabihf'
93 silly reify ]
94 silly reify mark retired [
94 silly reify   '/home/filou/sources/clone2/front/node_modules/@rollup/rollup-linux-arm64-gnu'
94 silly reify ]
95 silly reify mark retired [
95 silly reify   '/home/filou/sources/clone2/front/node_modules/@rollup/rollup-linux-loongarch64-gnu'
95 silly reify ]
96 silly reify mark retired [
96 silly reify   '/home/filou/sources/clone2/front/node_modules/@rollup/rollup-linux-arm64-musl'
96 silly reify ]
97 silly reify mark retired [
97 silly reify   '/home/filou/sources/clone2/front/node_modules/@rollup/rollup-linux-powerpc64le-gnu'
97 silly reify ]
98 silly reify mark retired [
98 silly reify   '/home/filou/sources/clone2/front/node_modules/@rollup/rollup-linux-riscv64-gnu'
98 silly reify ]
99 silly reify mark retired [
99 silly reify   '/home/filou/sources/clone2/front/node_modules/@rollup/rollup-linux-riscv64-musl'
99 silly reify ]
100 silly reify mark retired [
100 silly reify   '/home/filou/sources/clone2/front/node_modules/@rollup/rollup-linux-s390x-gnu'
100 silly reify ]
101 silly reify mark retired [
101 silly reify   '/home/filou/sources/clone2/front/node_modules/@rollup/rollup-win32-arm64-msvc'
101 silly reify ]
102 silly reify mark retired [
102 silly reify   '/home/filou/sources/clone2/front/node_modules/@rollup/rollup-win32-ia32-msvc'
102 silly reify ]
103 silly reify mark retired [
103 silly reify   '/home/filou/sources/clone2/front/node_modules/@rollup/rollup-win32-x64-msvc'
103 silly reify ]
104 silly reify mark retired [
104 silly reify   '/home/filou/sources/clone2/front/node_modules/@swc/core-darwin-arm64'
104 silly reify ]
105 silly reify mark retired [ '/home/filou/sources/clone2/front/node_modules/@workos-inc/node' ]
106 silly reify mark retired [
106 silly reify   '/home/filou/sources/clone2/front/node_modules/esbuild/node_modules/@esbuild/aix-ppc64'
106 silly reify ]
107 silly reify mark retired [
107 silly reify   '/home/filou/sources/clone2/front/node_modules/esbuild/node_modules/@esbuild/android-arm'
107 silly reify ]
108 silly reify mark retired [
108 silly reify   '/home/filou/sources/clone2/front/node_modules/esbuild/node_modules/@esbuild/android-arm64'
108 silly reify ]
109 silly reify mark retired [
109 silly reify   '/home/filou/sources/clone2/front/node_modules/esbuild/node_modules/@esbuild/darwin-x64'
109 silly reify ]
110 silly reify mark retired [
110 silly reify   '/home/filou/sources/clone2/front/node_modules/esbuild/node_modules/@esbuild/android-x64'
110 silly reify ]
111 silly reify mark retired [
111 silly reify   '/home/filou/sources/clone2/front/node_modules/esbuild/node_modules/@esbuild/freebsd-x64'
111 silly reify ]
112 silly reify mark retired [
112 silly reify   '/home/filou/sources/clone2/front/node_modules/esbuild/node_modules/@esbuild/freebsd-arm64'
112 silly reify ]
113 silly reify mark retired [
113 silly reify   '/home/filou/sources/clone2/front/node_modules/esbuild/node_modules/@esbuild/linux-arm'
113 silly reify ]
114 silly reify mark retired [
114 silly reify   '/home/filou/sources/clone2/front/node_modules/esbuild/node_modules/@esbuild/linux-arm64'
114 silly reify ]
115 silly reify mark retired [
115 silly reify   '/home/filou/sources/clone2/front/node_modules/esbuild/node_modules/@esbuild/linux-ia32'
115 silly reify ]
116 silly reify mark retired [
116 silly reify   '/home/filou/sources/clone2/front/node_modules/esbuild/node_modules/@esbuild/linux-loong64'
116 silly reify ]
117 silly reify mark retired [
117 silly reify   '/home/filou/sources/clone2/front/node_modules/esbuild/node_modules/@esbuild/linux-mips64el'
117 silly reify ]
118 silly reify mark retired [
118 silly reify   '/home/filou/sources/clone2/front/node_modules/esbuild/node_modules/@esbuild/linux-ppc64'
118 silly reify ]
119 silly reify mark retired [
119 silly reify   '/home/filou/sources/clone2/front/node_modules/esbuild/node_modules/@esbuild/linux-riscv64'
119 silly reify ]
120 silly reify mark retired [
120 silly reify   '/home/filou/sources/clone2/front/node_modules/esbuild/node_modules/@esbuild/linux-s390x'
120 silly reify ]
121 silly reify mark retired [
121 silly reify   '/home/filou/sources/clone2/front/node_modules/esbuild/node_modules/@esbuild/netbsd-x64'
121 silly reify ]
122 silly reify mark retired [
122 silly reify   '/home/filou/sources/clone2/front/node_modules/esbuild/node_modules/@esbuild/openbsd-x64'
122 silly reify ]
123 silly reify mark retired [
123 silly reify   '/home/filou/sources/clone2/front/node_modules/esbuild/node_modules/@esbuild/sunos-x64'
123 silly reify ]
124 silly reify mark retired [
124 silly reify   '/home/filou/sources/clone2/front/node_modules/esbuild/node_modules/@esbuild/win32-arm64'
124 silly reify ]
125 silly reify mark retired [
125 silly reify   '/home/filou/sources/clone2/front/node_modules/esbuild/node_modules/@esbuild/win32-ia32'
125 silly reify ]
126 silly reify mark retired [
126 silly reify   '/home/filou/sources/clone2/front/node_modules/esbuild/node_modules/@esbuild/win32-x64'
126 silly reify ]
127 silly reify mark retired [
127 silly reify   '/home/filou/sources/clone2/front/node_modules/pidtree',
127 silly reify   '/home/filou/sources/clone2/front/node_modules/.bin/pidtree'
127 silly reify ]
128 silly reify moves {
128 silly reify   '/home/filou/sources/clone2/front/node_modules/axios': '/home/filou/sources/clone2/front/node_modules/.axios-vySMizSy',
128 silly reify   '/home/filou/sources/clone2/front/node_modules/core-js': '/home/filou/sources/clone2/front/node_modules/.core-js-Mh4OIHKX',
128 silly reify   '/home/filou/sources/clone2/front/node_modules/fsevents': '/home/filou/sources/clone2/front/node_modules/.fsevents-Q61MQlNS',
128 silly reify   '/home/filou/sources/clone2/front/node_modules/lint-staged': '/home/filou/sources/clone2/front/node_modules/.lint-staged-sdwYyPa1',
128 silly reify   '/home/filou/sources/clone2/front/node_modules/next': '/home/filou/sources/clone2/front/node_modules/.next-4rSX3hSF',
128 silly reify   '/home/filou/sources/clone2/front/node_modules/posthog-js': '/home/filou/sources/clone2/front/node_modules/.posthog-js-L8RjeBpx',
128 silly reify   '/home/filou/sources/clone2/front/node_modules/posthog-node': '/home/filou/sources/clone2/front/node_modules/.posthog-node-0KS3DPuD',
128 silly reify   '/home/filou/sources/clone2/front/node_modules/preact': '/home/filou/sources/clone2/front/node_modules/.preact-2q8SKx9A',
128 silly reify   '/home/filou/sources/clone2/front/node_modules/vite': '/home/filou/sources/clone2/front/node_modules/.vite-6XRLO8cW',
128 silly reify   '/home/filou/sources/clone2/front/node_modules/web-vitals': '/home/filou/sources/clone2/front/node_modules/.web-vitals-fRPDzjeV',
128 silly reify   '/home/filou/sources/clone2/front/node_modules/yaml': '/home/filou/sources/clone2/front/node_modules/.yaml-lL0a0DBV',
128 silly reify   '/home/filou/sources/clone2/front/node_modules/@dust-tt/sparkle': '/home/filou/sources/clone2/front/node_modules/@dust-tt/.sparkle-EBnx7W3j',
128 silly reify   '/home/filou/sources/clone2/front/node_modules/@esbuild/darwin-arm64': '/home/filou/sources/clone2/front/node_modules/@esbuild/.darwin-arm64-R5thEOMZ',
128 silly reify   '/home/filou/sources/clone2/front/node_modules/@esbuild/openbsd-arm64': '/home/filou/sources/clone2/front/node_modules/@esbuild/.openbsd-arm64-6qRul1si',
128 silly reify   '/home/filou/sources/clone2/front/node_modules/@esbuild/netbsd-arm64': '/home/filou/sources/clone2/front/node_modules/@esbuild/.netbsd-arm64-DYJvWZsX',
128 silly reify   '/home/filou/sources/clone2/front/node_modules/@img/sharp-darwin-arm64': '/home/filou/sources/clone2/front/node_modules/@img/.sharp-darwin-arm64-G87C06KE',
128 silly reify   '/home/filou/sources/clone2/front/node_modules/@img/sharp-libvips-darwin-arm64': '/home/filou/sources/clone2/front/node_modules/@img/.sharp-libvips-darwin-arm64-ThnCnyl8',
128 silly reify   '/home/filou/sources/clone2/front/node_modules/@img/sharp-darwin-x64': '/home/filou/sources/clone2/front/node_modules/@img/.sharp-darwin-x64-YkWatXTg',
128 silly reify   '/home/filou/sources/clone2/front/node_modules/@img/sharp-libvips-darwin-x64': '/home/filou/sources/clone2/front/node_modules/@img/.sharp-libvips-darwin-x64-nfhxIk2s',
128 silly reify   '/home/filou/sources/clone2/front/node_modules/@img/sharp-libvips-linux-arm': '/home/filou/sources/clone2/front/node_modules/@img/.sharp-libvips-linux-arm-V1rltDcg',
128 silly reify   '/home/filou/sources/clone2/front/node_modules/@img/sharp-libvips-linux-arm64': '/home/filou/sources/clone2/front/node_modules/@img/.sharp-libvips-linux-arm64-ZqUBlnc8',
128 silly reify   '/home/filou/sources/clone2/front/node_modules/@img/sharp-libvips-linux-s390x': '/home/filou/sources/clone2/front/node_modules/@img/.sharp-libvips-linux-s390x-kK8hfFcC',
128 silly reify   '/home/filou/sources/clone2/front/node_modules/@img/sharp-libvips-linuxmusl-arm64': '/home/filou/sources/clone2/front/node_modules/@img/.sharp-libvips-linuxmusl-arm64-2AL5lShq',
128 silly reify   '/home/filou/sources/clone2/front/node_modules/@img/sharp-linux-arm': '/home/filou/sources/clone2/front/node_modules/@img/.sharp-linux-arm-afwFq2yS',
128 silly reify   '/home/filou/sources/clone2/front/node_modules/@img/sharp-linux-arm64': '/home/filou/sources/clone2/front/node_modules/@img/.sharp-linux-arm64-nwy4b7Gg',
128 silly reify   '/home/filou/sources/clone2/front/node_modules/@img/sharp-linux-s390x': '/home/filou/sources/clone2/front/node_modules/@img/.sharp-linux-s390x-2TeqLSTb',
128 silly reify   '/home/filou/sources/clone2/front/node_modules/@img/sharp-linuxmusl-arm64': '/home/filou/sources/clone2/front/node_modules/@img/.sharp-linuxmusl-arm64-AkYVcUci',
128 silly reify   '/home/filou/sources/clone2/front/node_modules/@img/sharp-wasm32': '/home/filou/sources/clone2/front/node_modules/@img/.sharp-wasm32-5mkWjQuu',
128 silly reify   '/home/filou/sources/clone2/front/node_modules/@img/sharp-win32-ia32': '/home/filou/sources/clone2/front/node_modules/@img/.sharp-win32-ia32-PbXhmEG9',
128 silly reify   '/home/filou/sources/clone2/front/node_modules/@img/sharp-win32-x64': '/home/filou/sources/clone2/front/node_modules/@img/.sharp-win32-x64-yF0GvjBZ',
128 silly reify   '/home/filou/sources/clone2/front/node_modules/@next/swc-darwin-arm64': '/home/filou/sources/clone2/front/node_modules/@next/.swc-darwin-arm64-qlks1jo0',
128 silly reify   '/home/filou/sources/clone2/front/node_modules/@next/swc-darwin-x64': '/home/filou/sources/clone2/front/node_modules/@next/.swc-darwin-x64-lLh9zqpl',
128 silly reify   '/home/filou/sources/clone2/front/node_modules/@next/swc-linux-arm64-gnu': '/home/filou/sources/clone2/front/node_modules/@next/.swc-linux-arm64-gnu-W5OqpCKv',
128 silly reify   '/home/filou/sources/clone2/front/node_modules/@next/swc-linux-arm64-musl': '/home/filou/sources/clone2/front/node_modules/@next/.swc-linux-arm64-musl-xviqGEgQ',
128 silly reify   '/home/filou/sources/clone2/front/node_modules/@next/swc-win32-arm64-msvc': '/home/filou/sources/clone2/front/node_modules/@next/.swc-win32-arm64-msvc-Ms6jmy3P',
128 silly reify   '/home/filou/sources/clone2/front/node_modules/@next/swc-win32-ia32-msvc': '/home/filou/sources/clone2/front/node_modules/@next/.swc-win32-ia32-msvc-A5D43xy7',
128 silly reify   '/home/filou/sources/clone2/front/node_modules/@next/swc-win32-x64-msvc': '/home/filou/sources/clone2/front/node_modules/@next/.swc-win32-x64-msvc-pSqpu2VJ',
128 silly reify   '/home/filou/sources/clone2/front/node_modules/@posthog/core': '/home/filou/sources/clone2/front/node_modules/@posthog/.core-fL2VwlNW',
128 silly reify   '/home/filou/sources/clone2/front/node_modules/@rollup/rollup-android-arm-eabi': '/home/filou/sources/clone2/front/node_modules/@rollup/.rollup-android-arm-eabi-uqUJLzpO',
128 silly reify   '/home/filou/sources/clone2/front/node_modules/@rollup/rollup-android-arm64': '/home/filou/sources/clone2/front/node_modules/@rollup/.rollup-android-arm64-1n2Mm1RT',
128 silly reify   '/home/filou/sources/clone2/front/node_modules/@rollup/rollup-darwin-arm64': '/home/filou/sources/clone2/front/node_modules/@rollup/.rollup-darwin-arm64-njmgWY2X',
128 silly reify   '/home/filou/sources/clone2/front/node_modules/@rollup/rollup-darwin-x64': '/home/filou/sources/clone2/front/node_modules/@rollup/.rollup-darwin-x64-i8RzrhDj',
128 silly reify   '/home/filou/sources/clone2/front/node_modules/@rollup/rollup-freebsd-arm64': '/home/filou/sources/clone2/front/node_modules/@rollup/.rollup-freebsd-arm64-DfUxODn1',
128 silly reify   '/home/filou/sources/clone2/front/node_modules/@rollup/rollup-freebsd-x64': '/home/filou/sources/clone2/front/node_modules/@rollup/.rollup-freebsd-x64-VHVclH96',
128 silly reify   '/home/filou/sources/clone2/front/node_modules/@rollup/rollup-linux-arm-gnueabihf': '/home/filou/sources/clone2/front/node_modules/@rollup/.rollup-linux-arm-gnueabihf-Xv01fD9S',
128 silly reify   '/home/filou/sources/clone2/front/node_modules/@rollup/rollup-linux-arm-musleabihf': '/home/filou/sources/clone2/front/node_modules/@rollup/.rollup-linux-arm-musleabihf-9ZtdNHF0',
128 silly reify   '/home/filou/sources/clone2/front/node_modules/@rollup/rollup-linux-arm64-gnu': '/home/filou/sources/clone2/front/node_modules/@rollup/.rollup-linux-arm64-gnu-nX1Qv7p1',
128 silly reify   '/home/filou/sources/clone2/front/node_modules/@rollup/rollup-linux-loongarch64-gnu': '/home/filou/sources/clone2/front/node_modules/@rollup/.rollup-linux-loongarch64-gnu-6okpfpwW',
128 silly reify   '/home/filou/sources/clone2/front/node_modules/@rollup/rollup-linux-arm64-musl': '/home/filou/sources/clone2/front/node_modules/@rollup/.rollup-linux-arm64-musl-o6pHheIg',
128 silly reify   '/home/filou/sources/clone2/front/node_modules/@rollup/rollup-linux-powerpc64le-gnu': '/home/filou/sources/clone2/front/node_modules/@rollup/.rollup-linux-powerpc64le-gnu-hDSAzDuW',
128 silly reify   '/home/filou/sources/clone2/front/node_modules/@rollup/rollup-linux-riscv64-gnu': '/home/filou/sources/clone2/front/node_modules/@rollup/.rollup-linux-riscv64-gnu-bJAAThrD',
128 silly reify   '/home/filou/sources/clone2/front/node_modules/@rollup/rollup-linux-riscv64-musl': '/home/filou/sources/clone2/front/node_modules/@rollup/.rollup-linux-riscv64-musl-t51iTwt0',
128 silly reify   '/home/filou/sources/clone2/front/node_modules/@rollup/rollup-linux-s390x-gnu': '/home/filou/sources/clone2/front/node_modules/@rollup/.rollup-linux-s390x-gnu-w0fO2D71',
128 silly reify   '/home/filou/sources/clone2/front/node_modules/@rollup/rollup-win32-arm64-msvc': '/home/filou/sources/clone2/front/node_modules/@rollup/.rollup-win32-arm64-msvc-z9Vn3wXS',
128 silly reify   '/home/filou/sources/clone2/front/node_modules/@rollup/rollup-win32-ia32-msvc': '/home/filou/sources/clone2/front/node_modules/@rollup/.rollup-win32-ia32-msvc-Zc3hXA5w',
128 silly reify   '/home/filou/sources/clone2/front/node_modules/@rollup/rollup-win32-x64-msvc': '/home/filou/sources/clone2/front/node_modules/@rollup/.rollup-win32-x64-msvc-meCe5BXd',
128 silly reify   '/home/filou/sources/clone2/front/node_modules/@swc/core-darwin-arm64': '/home/filou/sources/clone2/front/node_modules/@swc/.core-darwin-arm64-aRiexVO1',
128 silly reify   '/home/filou/sources/clone2/front/node_modules/@workos-inc/node': '/home/filou/sources/clone2/front/node_modules/@workos-inc/.node-Aerh4XdF',
128 silly reify   '/home/filou/sources/clone2/front/node_modules/esbuild/node_modules/@esbuild/aix-ppc64': '/home/filou/sources/clone2/front/node_modules/esbuild/node_modules/@esbuild/.aix-ppc64-mpOAohhp',
128 silly reify   '/home/filou/sources/clone2/front/node_modules/esbuild/node_modules/@esbuild/android-arm': '/home/filou/sources/clone2/front/node_modules/esbuild/node_modules/@esbuild/.android-arm-k8VQtCQg',
128 silly reify   '/home/filou/sources/clone2/front/node_modules/esbuild/node_modules/@esbuild/android-arm64': '/home/filou/sources/clone2/front/node_modules/esbuild/node_modules/@esbuild/.android-arm64-1xOJ2Tsu',
128 silly reify   '/home/filou/sources/clone2/front/node_modules/esbuild/node_modules/@esbuild/darwin-x64': '/home/filou/sources/clone2/front/node_modules/esbuild/node_modules/@esbuild/.darwin-x64-hyCEFn6Q',
128 silly reify   '/home/filou/sources/clone2/front/node_modules/esbuild/node_modules/@esbuild/android-x64': '/home/filou/sources/clone2/front/node_modules/esbuild/node_modules/@esbuild/.android-x64-JnvJwrFP',
128 silly reify   '/home/filou/sources/clone2/front/node_modules/esbuild/node_modules/@esbuild/freebsd-x64': '/home/filou/sources/clone2/front/node_modules/esbuild/node_modules/@esbuild/.freebsd-x64-jRexzXp6',
128 silly reify   '/home/filou/sources/clone2/front/node_modules/esbuild/node_modules/@esbuild/freebsd-arm64': '/home/filou/sources/clone2/front/node_modules/esbuild/node_modules/@esbuild/.freebsd-arm64-CvJxK4t2',
128 silly reify   '/home/filou/sources/clone2/front/node_modules/esbuild/node_modules/@esbuild/linux-arm': '/home/filou/sources/clone2/front/node_modules/esbuild/node_modules/@esbuild/.linux-arm-KOS1hBV6',
128 silly reify   '/home/filou/sources/clone2/front/node_modules/esbuild/node_modules/@esbuild/linux-arm64': '/home/filou/sources/clone2/front/node_modules/esbuild/node_modules/@esbuild/.linux-arm64-KxJtqq6v',
128 silly reify   '/home/filou/sources/clone2/front/node_modules/esbuild/node_modules/@esbuild/linux-ia32': '/home/filou/sources/clone2/front/node_modules/esbuild/node_modules/@esbuild/.linux-ia32-FoqSHjBF',
128 silly reify   '/home/filou/sources/clone2/front/node_modules/esbuild/node_modules/@esbuild/linux-loong64': '/home/filou/sources/clone2/front/node_modules/esbuild/node_modules/@esbuild/.linux-loong64-S5BhQatx',
128 silly reify   '/home/filou/sources/clone2/front/node_modules/esbuild/node_modules/@esbuild/linux-mips64el': '/home/filou/sources/clone2/front/node_modules/esbuild/node_modules/@esbuild/.linux-mips64el-rSd1GmRT',
128 silly reify   '/home/filou/sources/clone2/front/node_modules/esbuild/node_modules/@esbuild/linux-ppc64': '/home/filou/sources/clone2/front/node_modules/esbuild/node_modules/@esbuild/.linux-ppc64-CcGwpd8u',
128 silly reify   '/home/filou/sources/clone2/front/node_modules/esbuild/node_modules/@esbuild/linux-riscv64': '/home/filou/sources/clone2/front/node_modules/esbuild/node_modules/@esbuild/.linux-riscv64-Mn2sfumj',
128 silly reify   '/home/filou/sources/clone2/front/node_modules/esbuild/node_modules/@esbuild/linux-s390x': '/home/filou/sources/clone2/front/node_modules/esbuild/node_modules/@esbuild/.linux-s390x-tshSGCuX',
128 silly reify   '/home/filou/sources/clone2/front/node_modules/esbuild/node_modules/@esbuild/netbsd-x64': '/home/filou/sources/clone2/front/node_modules/esbuild/node_modules/@esbuild/.netbsd-x64-hIrdXKOe',
128 silly reify   '/home/filou/sources/clone2/front/node_modules/esbuild/node_modules/@esbuild/openbsd-x64': '/home/filou/sources/clone2/front/node_modules/esbuild/node_modules/@esbuild/.openbsd-x64-6wNt84BF',
128 silly reify   '/home/filou/sources/clone2/front/node_modules/esbuild/node_modules/@esbuild/sunos-x64': '/home/filou/sources/clone2/front/node_modules/esbuild/node_modules/@esbuild/.sunos-x64-mofkM4IL',
128 silly reify   '/home/filou/sources/clone2/front/node_modules/esbuild/node_modules/@esbuild/win32-arm64': '/home/filou/sources/clone2/front/node_modules/esbuild/node_modules/@esbuild/.win32-arm64-ar0GUJTE',
128 silly reify   '/home/filou/sources/clone2/front/node_modules/esbuild/node_modules/@esbuild/win32-ia32': '/home/filou/sources/clone2/front/node_modules/esbuild/node_modules/@esbuild/.win32-ia32-TMfZyfhd',
128 silly reify   '/home/filou/sources/clone2/front/node_modules/esbuild/node_modules/@esbuild/win32-x64': '/home/filou/sources/clone2/front/node_modules/esbuild/node_modules/@esbuild/.win32-x64-o1EmmI37',
128 silly reify   '/home/filou/sources/clone2/front/node_modules/pidtree': '/home/filou/sources/clone2/front/node_modules/.pidtree-tGWYdK08',
128 silly reify   '/home/filou/sources/clone2/front/node_modules/.bin/pidtree': '/home/filou/sources/clone2/front/node_modules/.bin/.pidtree-giMaNTQz'
128 silly reify }
129 timing reify:rollback:retireShallow Completed in 2ms
130 timing command:i Completed in 1408ms
131 notice
131 notice New major version of npm available! 10.5.2 -> 11.6.0
131 notice Changelog: <https://github.com/npm/cli/releases/tag/v11.6.0>
131 notice Run `npm install -g npm@11.6.0` to update!
131 notice
132 verbose stack Error: ENOTEMPTY: directory not empty, rename '/home/filou/sources/clone2/front/node_modules/axios' -> '/home/filou/sources/clone2/front/node_modules/.axios-vySMizSy'
132 verbose stack     at async Object.rename (node:internal/fs/promises:779:10)
132 verbose stack     at async moveFile (/home/filou/.nvm/versions/node/v20.13.0/lib/node_modules/npm/node_modules/@npmcli/fs/lib/move-file.js:30:5)
132 verbose stack     at async Promise.allSettled (index 0)
132 verbose stack     at async [reifyPackages] (/home/filou/.nvm/versions/node/v20.13.0/lib/node_modules/npm/node_modules/@npmcli/arborist/lib/arborist/reify.js:246:11)
132 verbose stack     at async Arborist.reify (/home/filou/.nvm/versions/node/v20.13.0/lib/node_modules/npm/node_modules/@npmcli/arborist/lib/arborist/reify.js:165:5)
132 verbose stack     at async Install.exec (/home/filou/.nvm/versions/node/v20.13.0/lib/node_modules/npm/lib/commands/install.js:153:5)
132 verbose stack     at async module.exports (/home/filou/.nvm/versions/node/v20.13.0/lib/node_modules/npm/lib/cli-entry.js:61:5)
133 verbose cwd /home/filou/sources/clone2/front
134 verbose Linux 6.11.0-29-generic
135 verbose node v20.13.0
136 verbose npm  v10.5.2
137 error code ENOTEMPTY
138 error syscall rename
139 error path /home/filou/sources/clone2/front/node_modules/axios
140 error dest /home/filou/sources/clone2/front/node_modules/.axios-vySMizSy
141 error errno -39
142 error ENOTEMPTY: directory not empty, rename '/home/filou/sources/clone2/front/node_modules/axios' -> '/home/filou/sources/clone2/front/node_modules/.axios-vySMizSy'
143 verbose exit -39
144 timing npm Completed in 1547ms
145 verbose unfinished npm timer reify 1758657022261
146 verbose unfinished npm timer reify:retireShallow 1758657023660
147 verbose code -39
148 error A complete log of this run can be found in: /home/filou/sources/clone2/front/.npm-cache/_logs/2025-09-23T19_50_22_122Z-debug-0.log
