0 verbose cli /Users/edouardwautier/Library/Application Support/fnm/node-versions/v18.15.0/installation/bin/node /Users/edouardwautier/Library/Caches/fnm_multishells/42282_1769002116124/bin/npm
1 info using npm@9.5.0
2 info using node@v18.15.0
3 timing npm:load:whichnode Completed in 1ms
4 timing config:load:defaults Completed in 1ms
5 timing config:load:file:/Users/edouardwautier/Library/Application Support/fnm/node-versions/v18.15.0/installation/lib/node_modules/npm/npmrc Completed in 0ms
6 timing config:load:builtin Completed in 0ms
7 timing config:load:cli Completed in 1ms
8 timing config:load:env Completed in 0ms
9 timing config:load:file:/Users/edouardwautier/Projects/dust/sparkle/playground/.npmrc Completed in 0ms
10 timing config:load:project Completed in 2ms
11 timing config:load:file:/Users/edouardwautier/.npmrc Completed in 0ms
12 timing config:load:user Completed in 0ms
13 timing config:load:file:/Users/edouardwautier/Library/Application Support/fnm/node-versions/v18.15.0/installation/etc/npmrc Completed in 0ms
14 timing config:load:global Completed in 0ms
15 timing config:load:setEnvs Completed in 0ms
16 timing config:load Completed in 4ms
17 timing npm:load:configload Completed in 4ms
18 timing npm:load:mkdirpcache Completed in 0ms
19 timing npm:load:mkdirplogs Completed in 0ms
20 verbose title npm install
21 verbose argv "install" "--cache" "/Users/edouardwautier/Projects/dust/.npm-cache"
22 timing npm:load:setTitle Completed in 1ms
23 timing config:load:flatten Completed in 1ms
24 timing npm:load:display Completed in 2ms
25 verbose logfile logs-max:10 dir:/Users/edouardwautier/Projects/dust/.npm-cache/_logs/2026-01-21T13_33_51_518Z-
26 verbose logfile /Users/edouardwautier/Projects/dust/.npm-cache/_logs/2026-01-21T13_33_51_518Z-debug-0.log
27 timing npm:load:logFile Completed in 2ms
28 timing npm:load:timers Completed in 0ms
29 timing npm:load:configScope Completed in 0ms
30 timing npm:load Completed in 10ms
31 timing arborist:ctor Completed in 1ms
32 silly logfile done cleaning log files
33 timing idealTree:init Completed in 48ms
34 timing idealTree:userRequests Completed in 0ms
35 silly idealTree buildDeps
36 silly fetch manifest @tiptap/core@^3.15.3
37 verbose shrinkwrap failed to load node_modules/.package-lock.json out of date, updated: ../node_modules/@esbuild
38 http fetch GET 200 https://registry.npmjs.org/@tiptap%2fcore 702ms (cache miss)
39 silly fetch manifest @tiptap/pm@^3.16.0
40 http fetch GET 200 https://registry.npmjs.org/@tiptap%2fpm 84ms (cache miss)
41 silly fetch manifest @tiptap/extension-mention@^3.15.3
42 http fetch GET 200 https://registry.npmjs.org/@tiptap%2fextension-mention 422ms (cache miss)
43 silly fetch manifest @tiptap/suggestion@^3.16.0
44 http fetch GET 200 https://registry.npmjs.org/@tiptap%2fsuggestion 677ms (cache miss)
45 silly fetch manifest @tiptap/extension-placeholder@^3.15.3
46 http fetch GET 200 https://registry.npmjs.org/@tiptap%2fextension-placeholder 232ms (cache miss)
47 silly fetch manifest @tiptap/extensions@^3.16.0
48 http fetch GET 200 https://registry.npmjs.org/@tiptap%2fextensions 214ms (cache miss)
49 silly fetch manifest @tiptap/react@^3.15.3
50 http fetch GET 200 https://registry.npmjs.org/@tiptap%2freact 232ms (cache miss)
51 silly fetch manifest @types/react@^18.3.18
52 http fetch GET 200 https://registry.npmjs.org/@types%2freact 217ms (cache miss)
53 silly fetch manifest @types/react-dom@^18.3.5
54 http fetch GET 200 https://registry.npmjs.org/@types%2freact-dom 124ms (cache miss)
55 silly fetch manifest react@^18.3.1
56 http fetch GET 200 https://registry.npmjs.org/react 202ms (cache miss)
57 silly fetch manifest react-dom@^18.3.1
58 http fetch GET 200 https://registry.npmjs.org/react-dom 277ms (cache miss)
59 silly fetch manifest @tiptap/starter-kit@^3.15.3
60 http fetch GET 200 https://registry.npmjs.org/@tiptap%2fstarter-kit 128ms (cache miss)
61 silly fetch manifest tippy.js@^6.3.7
62 http fetch GET 200 https://registry.npmjs.org/tippy.js 85ms (cache miss)
63 silly placeDep ROOT @tiptap/core@3.16.0 OK for: @dust-tt/sparkle-playground@0.1.0 want: ^3.15.3
64 silly placeDep ROOT @tiptap/pm@3.16.0 OK for: @tiptap/core@3.16.0 want: ^3.16.0
65 silly placeDep ROOT @tiptap/extension-mention@3.16.0 OK for: @dust-tt/sparkle-playground@0.1.0 want: ^3.15.3
66 silly placeDep ROOT @tiptap/suggestion@3.16.0 OK for: @tiptap/extension-mention@3.16.0 want: ^3.16.0
67 silly placeDep ROOT @tiptap/extension-placeholder@3.16.0 OK for: @dust-tt/sparkle-playground@0.1.0 want: ^3.15.3
68 silly placeDep ROOT @tiptap/extensions@3.16.0 OK for: @tiptap/extension-placeholder@3.16.0 want: ^3.16.0
69 silly placeDep ROOT @tiptap/react@3.16.0 OK for: @dust-tt/sparkle-playground@0.1.0 want: ^3.15.3
70 silly placeDep ROOT @tiptap/starter-kit@3.16.0 OK for: @dust-tt/sparkle-playground@0.1.0 want: ^3.15.3
71 silly placeDep ROOT tippy.js@6.3.7 OK for: @dust-tt/sparkle-playground@0.1.0 want: ^6.3.7
72 silly fetch manifest prosemirror-changeset@^2.3.0
73 silly fetch manifest prosemirror-collab@^1.3.1
74 silly fetch manifest prosemirror-commands@^1.6.2
75 silly fetch manifest prosemirror-dropcursor@^1.8.1
76 silly fetch manifest prosemirror-gapcursor@^1.3.2
77 silly fetch manifest prosemirror-history@^1.4.1
78 silly fetch manifest prosemirror-inputrules@^1.4.0
79 silly fetch manifest prosemirror-keymap@^1.2.2
80 silly fetch manifest prosemirror-markdown@^1.13.1
81 silly fetch manifest prosemirror-menu@^1.2.4
82 silly fetch manifest prosemirror-model@^1.24.1
83 silly fetch manifest prosemirror-schema-basic@^1.2.3
84 silly fetch manifest prosemirror-schema-list@^1.5.0
85 silly fetch manifest prosemirror-state@^1.4.3
86 silly fetch manifest prosemirror-tables@^1.6.4
87 silly fetch manifest prosemirror-trailing-node@^3.0.0
88 silly fetch manifest prosemirror-transform@^1.10.2
89 silly fetch manifest prosemirror-view@^1.38.1
90 silly fetch manifest @types/use-sync-external-store@^0.0.6
91 silly fetch manifest fast-equals@^5.3.3
92 silly fetch manifest use-sync-external-store@^1.4.0
93 silly fetch manifest @tiptap/extension-bubble-menu@^3.16.0
94 silly fetch manifest @tiptap/extension-floating-menu@^3.16.0
95 silly fetch manifest @tiptap/extension-blockquote@^3.16.0
96 silly fetch manifest @tiptap/extension-bold@^3.16.0
97 silly fetch manifest @tiptap/extension-bullet-list@^3.16.0
98 silly fetch manifest @tiptap/extension-code@^3.16.0
99 silly fetch manifest @tiptap/extension-code-block@^3.16.0
100 silly fetch manifest @tiptap/extension-document@^3.16.0
101 silly fetch manifest @tiptap/extension-dropcursor@^3.16.0
102 silly fetch manifest @tiptap/extension-gapcursor@^3.16.0
103 silly fetch manifest @tiptap/extension-hard-break@^3.16.0
104 silly fetch manifest @tiptap/extension-heading@^3.16.0
105 silly fetch manifest @tiptap/extension-horizontal-rule@^3.16.0
106 silly fetch manifest @tiptap/extension-italic@^3.16.0
107 silly fetch manifest @tiptap/extension-link@^3.16.0
108 silly fetch manifest @tiptap/extension-list@^3.16.0
109 silly fetch manifest @tiptap/extension-list-item@^3.16.0
110 silly fetch manifest @tiptap/extension-list-keymap@^3.16.0
111 silly fetch manifest @tiptap/extension-ordered-list@^3.16.0
112 silly fetch manifest @tiptap/extension-paragraph@^3.16.0
113 silly fetch manifest @tiptap/extension-strike@^3.16.0
114 silly fetch manifest @tiptap/extension-text@^3.16.0
115 silly fetch manifest @tiptap/extension-underline@^3.16.0
116 silly fetch manifest @popperjs/core@^2.9.0
117 http fetch GET 200 https://registry.npmjs.org/prosemirror-changeset 135ms (cache miss)
118 http fetch GET 200 https://registry.npmjs.org/prosemirror-trailing-node 214ms (cache miss)
119 http fetch GET 200 https://registry.npmjs.org/prosemirror-commands 233ms (cache miss)
120 http fetch GET 200 https://registry.npmjs.org/prosemirror-model 240ms (cache miss)
121 http fetch GET 200 https://registry.npmjs.org/prosemirror-schema-list 241ms (cache miss)
122 http fetch GET 200 https://registry.npmjs.org/prosemirror-state 262ms (cache miss)
123 http fetch GET 200 https://registry.npmjs.org/prosemirror-collab 265ms (cache miss)
124 http fetch GET 200 https://registry.npmjs.org/prosemirror-history 264ms (cache miss)
125 http fetch GET 200 https://registry.npmjs.org/prosemirror-inputrules 265ms (cache miss)
126 http fetch GET 200 https://registry.npmjs.org/prosemirror-keymap 265ms (cache miss)
127 http fetch GET 200 https://registry.npmjs.org/prosemirror-gapcursor 265ms (cache miss)
128 http fetch GET 200 https://registry.npmjs.org/prosemirror-dropcursor 267ms (cache miss)
129 http fetch GET 200 https://registry.npmjs.org/prosemirror-markdown 267ms (cache miss)
130 http fetch GET 200 https://registry.npmjs.org/prosemirror-tables 266ms (cache miss)
131 http fetch GET 200 https://registry.npmjs.org/prosemirror-transform 266ms (cache miss)
132 http fetch GET 200 https://registry.npmjs.org/fast-equals 282ms (cache miss)
133 http fetch GET 200 https://registry.npmjs.org/@types%2fuse-sync-external-store 285ms (cache miss)
134 http fetch GET 200 https://registry.npmjs.org/@tiptap%2fextension-code 336ms (cache miss)
135 http fetch GET 200 https://registry.npmjs.org/@tiptap%2fextension-blockquote 358ms (cache miss)
136 http fetch GET 200 https://registry.npmjs.org/@tiptap%2fextension-code-block 378ms (cache miss)
137 http fetch GET 200 https://registry.npmjs.org/@tiptap%2fextension-bullet-list 381ms (cache miss)
138 http fetch GET 200 https://registry.npmjs.org/@tiptap%2fextension-dropcursor 396ms (cache miss)
139 http fetch GET 200 https://registry.npmjs.org/prosemirror-view 400ms (cache miss)
140 http fetch GET 200 https://registry.npmjs.org/prosemirror-schema-basic 434ms (cache miss)
141 http fetch GET 200 https://registry.npmjs.org/prosemirror-menu 443ms (cache miss)
142 http fetch GET 200 https://registry.npmjs.org/@tiptap%2fextension-heading 448ms (cache miss)
143 http fetch GET 200 https://registry.npmjs.org/use-sync-external-store 476ms (cache miss)
144 http fetch GET 200 https://registry.npmjs.org/@tiptap%2fextension-link 483ms (cache miss)
145 http fetch GET 200 https://registry.npmjs.org/@tiptap%2fextension-list 500ms (cache miss)
146 http fetch GET 200 https://registry.npmjs.org/@tiptap%2fextension-bold 503ms (cache miss)
147 http fetch GET 200 https://registry.npmjs.org/@tiptap%2fextension-bubble-menu 515ms (cache miss)
148 http fetch GET 200 https://registry.npmjs.org/@tiptap%2fextension-hard-break 531ms (cache miss)
149 http fetch GET 200 https://registry.npmjs.org/@tiptap%2fextension-paragraph 537ms (cache miss)
150 http fetch GET 200 https://registry.npmjs.org/@tiptap%2fextension-strike 658ms (cache miss)
151 http fetch GET 200 https://registry.npmjs.org/@popperjs%2fcore 670ms (cache miss)
152 http fetch GET 200 https://registry.npmjs.org/@tiptap%2fextension-horizontal-rule 679ms (cache miss)
153 http fetch GET 200 https://registry.npmjs.org/@tiptap%2fextension-italic 685ms (cache miss)
154 http fetch GET 200 https://registry.npmjs.org/@tiptap%2fextension-document 695ms (cache miss)
155 http fetch GET 200 https://registry.npmjs.org/@tiptap%2fextension-list-item 693ms (cache miss)
156 http fetch GET 200 https://registry.npmjs.org/@tiptap%2fextension-ordered-list 706ms (cache miss)
157 http fetch GET 200 https://registry.npmjs.org/@tiptap%2fextension-gapcursor 711ms (cache miss)
158 http fetch GET 200 https://registry.npmjs.org/@tiptap%2fextension-text 716ms (cache miss)
159 http fetch GET 200 https://registry.npmjs.org/@tiptap%2fextension-floating-menu 757ms (cache miss)
160 http fetch GET 200 https://registry.npmjs.org/@tiptap%2fextension-underline 755ms (cache miss)
161 http fetch GET 200 https://registry.npmjs.org/@tiptap%2fextension-list-keymap 777ms (cache miss)
162 timing idealTree:#root Completed in 4481ms
163 timing idealTree:node_modules/@tiptap/core Completed in 0ms
164 timing idealTree:node_modules/@tiptap/extension-mention Completed in 0ms
165 timing idealTree:node_modules/@tiptap/extension-placeholder Completed in 0ms
166 timing idealTree:node_modules/@tiptap/extensions Completed in 0ms
167 silly placeDep ROOT prosemirror-changeset@2.3.1 OK for: @tiptap/pm@3.16.0 want: ^2.3.0
168 silly placeDep ROOT prosemirror-collab@1.3.1 OK for: @tiptap/pm@3.16.0 want: ^1.3.1
169 silly placeDep ROOT prosemirror-commands@1.7.1 OK for: @tiptap/pm@3.16.0 want: ^1.6.2
170 silly placeDep ROOT prosemirror-dropcursor@1.8.2 OK for: @tiptap/pm@3.16.0 want: ^1.8.1
171 silly placeDep ROOT prosemirror-gapcursor@1.4.0 OK for: @tiptap/pm@3.16.0 want: ^1.3.2
172 silly placeDep ROOT prosemirror-history@1.5.0 OK for: @tiptap/pm@3.16.0 want: ^1.4.1
173 silly placeDep ROOT prosemirror-inputrules@1.5.1 OK for: @tiptap/pm@3.16.0 want: ^1.4.0
174 silly placeDep ROOT prosemirror-keymap@1.2.3 OK for: @tiptap/pm@3.16.0 want: ^1.2.2
175 silly placeDep ROOT prosemirror-markdown@1.13.3 OK for: @tiptap/pm@3.16.0 want: ^1.13.1
176 silly placeDep ROOT prosemirror-menu@1.2.5 OK for: @tiptap/pm@3.16.0 want: ^1.2.4
177 silly placeDep ROOT prosemirror-model@1.25.4 OK for: @tiptap/pm@3.16.0 want: ^1.24.1
178 silly placeDep ROOT prosemirror-schema-basic@1.2.4 OK for: @tiptap/pm@3.16.0 want: ^1.2.3
179 silly placeDep ROOT prosemirror-schema-list@1.5.1 OK for: @tiptap/pm@3.16.0 want: ^1.5.0
180 silly placeDep ROOT prosemirror-state@1.4.4 OK for: @tiptap/pm@3.16.0 want: ^1.4.3
181 silly placeDep ROOT prosemirror-tables@1.8.5 OK for: @tiptap/pm@3.16.0 want: ^1.6.4
182 silly placeDep ROOT prosemirror-trailing-node@3.0.0 OK for: @tiptap/pm@3.16.0 want: ^3.0.0
183 silly placeDep ROOT prosemirror-view@1.41.5 OK for: prosemirror-trailing-node@3.0.0 want: ^1.33.8
184 silly placeDep ROOT prosemirror-transform@1.11.0 OK for: @tiptap/pm@3.16.0 want: ^1.10.2
185 silly fetch manifest rope-sequence@^1.3.0
186 silly fetch manifest w3c-keyname@^2.2.0
187 silly fetch manifest markdown-it@^14.0.0
188 silly fetch manifest @types/markdown-it@^14.0.0
189 silly fetch manifest crelt@^1.0.0
190 silly fetch manifest orderedmap@^2.0.0
191 silly fetch manifest @remirror/core-constants@3.0.0
192 silly fetch manifest escape-string-regexp@^4.0.0
193 http fetch GET 200 https://registry.npmjs.org/crelt 51ms (cache miss)
194 http fetch GET 200 https://registry.npmjs.org/orderedmap 54ms (cache miss)
195 http fetch GET 200 https://registry.npmjs.org/markdown-it 57ms (cache miss)
196 http fetch GET 200 https://registry.npmjs.org/rope-sequence 59ms (cache miss)
197 http fetch GET 200 https://registry.npmjs.org/escape-string-regexp 56ms (cache miss)
198 http fetch GET 200 https://registry.npmjs.org/w3c-keyname 58ms (cache miss)
199 http fetch GET 200 https://registry.npmjs.org/@types%2fmarkdown-it 74ms (cache miss)
200 http fetch GET 200 https://registry.npmjs.org/@remirror%2fcore-constants 91ms (cache miss)
201 timing idealTree:node_modules/@tiptap/pm Completed in 105ms
202 silly fetch manifest react@^17.0.0 || ^18.0.0 || ^19.0.0
203 silly fetch manifest @tiptap/core@^3.16.0
204 silly fetch manifest @floating-ui/dom@^1.0.0
205 http fetch GET 200 https://registry.npmjs.org/@floating-ui%2fdom 73ms (cache miss)
206 silly placeDep ROOT @tiptap/extension-bubble-menu@3.16.0 OK for: @tiptap/react@3.16.0 want: ^3.16.0
207 silly placeDep ROOT @tiptap/extension-floating-menu@3.16.0 OK for: @tiptap/react@3.16.0 want: ^3.16.0
208 silly placeDep ROOT @floating-ui/dom@1.7.4 OK for: @tiptap/extension-floating-menu@3.16.0 want: ^1.0.0
209 silly placeDep ROOT @types/use-sync-external-store@0.0.6 OK for: @tiptap/react@3.16.0 want: ^0.0.6
210 silly placeDep ROOT fast-equals@5.4.0 OK for: @tiptap/react@3.16.0 want: ^5.3.3
211 silly placeDep ROOT use-sync-external-store@1.6.0 OK for: @tiptap/react@3.16.0 want: ^1.4.0
212 silly fetch manifest @floating-ui/core@^1.7.3
213 silly fetch manifest @floating-ui/utils@^0.2.10
214 http fetch GET 200 https://registry.npmjs.org/@floating-ui%2futils 67ms (cache miss)
215 http fetch GET 200 https://registry.npmjs.org/@floating-ui%2fcore 74ms (cache miss)
216 timing idealTree:node_modules/@tiptap/react Completed in 154ms
217 silly placeDep ROOT @floating-ui/core@1.7.3 OK for: @floating-ui/dom@1.7.4 want: ^1.7.3
218 silly placeDep ROOT @floating-ui/utils@0.2.10 OK for: @floating-ui/dom@1.7.4 want: ^0.2.10
219 timing idealTree:node_modules/@floating-ui/dom Completed in 1ms
220 timing idealTree:node_modules/@floating-ui/core Completed in 0ms
221 timing idealTree:node_modules/@floating-ui/utils Completed in 0ms
222 timing idealTree:node_modules/@tiptap/extension-bubble-menu Completed in 0ms
223 timing idealTree:node_modules/@tiptap/extension-floating-menu Completed in 0ms
224 silly placeDep ROOT @tiptap/extension-blockquote@3.16.0 OK for: @tiptap/starter-kit@3.16.0 want: ^3.16.0
225 silly placeDep ROOT @tiptap/extension-bold@3.16.0 OK for: @tiptap/starter-kit@3.16.0 want: ^3.16.0
226 silly placeDep ROOT @tiptap/extension-bullet-list@3.16.0 OK for: @tiptap/starter-kit@3.16.0 want: ^3.16.0
227 silly placeDep ROOT @tiptap/extension-list@3.16.0 OK for: @tiptap/extension-bullet-list@3.16.0 want: ^3.16.0
228 silly placeDep ROOT @tiptap/extension-code@3.16.0 OK for: @tiptap/starter-kit@3.16.0 want: ^3.16.0
229 silly placeDep ROOT @tiptap/extension-code-block@3.16.0 OK for: @tiptap/starter-kit@3.16.0 want: ^3.16.0
230 silly placeDep ROOT @tiptap/extension-document@3.16.0 OK for: @tiptap/starter-kit@3.16.0 want: ^3.16.0
231 silly placeDep ROOT @tiptap/extension-dropcursor@3.16.0 OK for: @tiptap/starter-kit@3.16.0 want: ^3.16.0
232 silly placeDep ROOT @tiptap/extension-gapcursor@3.16.0 OK for: @tiptap/starter-kit@3.16.0 want: ^3.16.0
233 silly placeDep ROOT @tiptap/extension-hard-break@3.16.0 OK for: @tiptap/starter-kit@3.16.0 want: ^3.16.0
234 silly placeDep ROOT @tiptap/extension-heading@3.16.0 OK for: @tiptap/starter-kit@3.16.0 want: ^3.16.0
235 silly placeDep ROOT @tiptap/extension-horizontal-rule@3.16.0 OK for: @tiptap/starter-kit@3.16.0 want: ^3.16.0
236 silly placeDep ROOT @tiptap/extension-italic@3.16.0 OK for: @tiptap/starter-kit@3.16.0 want: ^3.16.0
237 silly placeDep ROOT @tiptap/extension-link@3.16.0 OK for: @tiptap/starter-kit@3.16.0 want: ^3.16.0
238 silly placeDep ROOT @tiptap/extension-list-item@3.16.0 OK for: @tiptap/starter-kit@3.16.0 want: ^3.16.0
239 silly placeDep ROOT @tiptap/extension-list-keymap@3.16.0 OK for: @tiptap/starter-kit@3.16.0 want: ^3.16.0
240 silly placeDep ROOT @tiptap/extension-ordered-list@3.16.0 OK for: @tiptap/starter-kit@3.16.0 want: ^3.16.0
241 silly placeDep ROOT @tiptap/extension-paragraph@3.16.0 OK for: @tiptap/starter-kit@3.16.0 want: ^3.16.0
242 silly placeDep ROOT @tiptap/extension-strike@3.16.0 OK for: @tiptap/starter-kit@3.16.0 want: ^3.16.0
243 silly placeDep ROOT @tiptap/extension-text@3.16.0 OK for: @tiptap/starter-kit@3.16.0 want: ^3.16.0
244 silly placeDep ROOT @tiptap/extension-underline@3.16.0 OK for: @tiptap/starter-kit@3.16.0 want: ^3.16.0
245 silly fetch manifest linkifyjs@^4.3.2
246 http fetch GET 200 https://registry.npmjs.org/linkifyjs 113ms (cache miss)
247 timing idealTree:node_modules/@tiptap/starter-kit Completed in 131ms
248 timing idealTree:node_modules/@tiptap/extension-blockquote Completed in 0ms
249 timing idealTree:node_modules/@tiptap/extension-bold Completed in 0ms
250 timing idealTree:node_modules/@tiptap/extension-bullet-list Completed in 0ms
251 timing idealTree:node_modules/@tiptap/extension-code Completed in 0ms
252 timing idealTree:node_modules/@tiptap/extension-code-block Completed in 0ms
253 timing idealTree:node_modules/@tiptap/extension-document Completed in 0ms
254 timing idealTree:node_modules/@tiptap/extension-dropcursor Completed in 0ms
255 timing idealTree:node_modules/@tiptap/extension-gapcursor Completed in 0ms
256 timing idealTree:node_modules/@tiptap/extension-hard-break Completed in 0ms
257 timing idealTree:node_modules/@tiptap/extension-heading Completed in 0ms
258 timing idealTree:node_modules/@tiptap/extension-horizontal-rule Completed in 0ms
259 timing idealTree:node_modules/@tiptap/extension-italic Completed in 0ms
260 silly placeDep ROOT linkifyjs@4.3.2 OK for: @tiptap/extension-link@3.16.0 want: ^4.3.2
261 timing idealTree:node_modules/@tiptap/extension-link Completed in 0ms
262 timing idealTree:node_modules/@tiptap/extension-list Completed in 0ms
263 timing idealTree:node_modules/@tiptap/extension-list-item Completed in 0ms
264 timing idealTree:node_modules/@tiptap/extension-list-keymap Completed in 0ms
265 timing idealTree:node_modules/@tiptap/extension-ordered-list Completed in 0ms
266 timing idealTree:node_modules/@tiptap/extension-paragraph Completed in 0ms
267 timing idealTree:node_modules/@tiptap/extension-strike Completed in 0ms
268 timing idealTree:node_modules/@tiptap/extension-text Completed in 0ms
269 timing idealTree:node_modules/@tiptap/extension-underline Completed in 0ms
270 timing idealTree:node_modules/@tiptap/suggestion Completed in 0ms
271 timing idealTree:node_modules/@types/use-sync-external-store Completed in 0ms
272 timing idealTree:node_modules/fast-equals Completed in 0ms
273 timing idealTree:node_modules/linkifyjs Completed in 0ms
274 timing idealTree:node_modules/prosemirror-changeset Completed in 0ms
275 timing idealTree:node_modules/prosemirror-collab Completed in 0ms
276 timing idealTree:node_modules/prosemirror-commands Completed in 0ms
277 timing idealTree:node_modules/prosemirror-dropcursor Completed in 0ms
278 timing idealTree:node_modules/prosemirror-gapcursor Completed in 0ms
279 silly placeDep ROOT rope-sequence@1.3.4 OK for: prosemirror-history@1.5.0 want: ^1.3.0
280 timing idealTree:node_modules/prosemirror-history Completed in 1ms
281 timing idealTree:node_modules/prosemirror-inputrules Completed in 0ms
282 silly placeDep ROOT w3c-keyname@2.2.8 OK for: prosemirror-keymap@1.2.3 want: ^2.2.0
283 timing idealTree:node_modules/prosemirror-keymap Completed in 0ms
284 silly placeDep ROOT @types/markdown-it@14.1.2 OK for: prosemirror-markdown@1.13.3 want: ^14.0.0
285 silly placeDep ROOT markdown-it@14.1.0 OK for: prosemirror-markdown@1.13.3 want: ^14.0.0
286 silly fetch manifest @types/mdurl@^2
287 silly fetch manifest @types/linkify-it@^5
288 silly fetch manifest argparse@^2.0.1
289 silly fetch manifest entities@^4.4.0
290 silly fetch manifest linkify-it@^5.0.0
291 silly fetch manifest mdurl@^2.0.0
292 silly fetch manifest punycode.js@^2.3.1
293 silly fetch manifest uc.micro@^2.1.0
294 http fetch GET 200 https://registry.npmjs.org/uc.micro 51ms (cache miss)
295 http fetch GET 200 https://registry.npmjs.org/punycode.js 52ms (cache miss)
296 http fetch GET 200 https://registry.npmjs.org/linkify-it 53ms (cache miss)
297 http fetch GET 200 https://registry.npmjs.org/entities 56ms (cache miss)
298 http fetch GET 200 https://registry.npmjs.org/mdurl 56ms (cache miss)
299 http fetch GET 200 https://registry.npmjs.org/@types%2flinkify-it 64ms (cache miss)
300 http fetch GET 200 https://registry.npmjs.org/argparse 65ms (cache miss)
301 http fetch GET 200 https://registry.npmjs.org/@types%2fmdurl 74ms (cache miss)
302 timing idealTree:node_modules/prosemirror-markdown Completed in 76ms
303 silly placeDep ROOT @types/linkify-it@5.0.0 OK for: @types/markdown-it@14.1.2 want: ^5
304 silly placeDep ROOT @types/mdurl@2.0.0 OK for: @types/markdown-it@14.1.2 want: ^2
305 timing idealTree:node_modules/@types/markdown-it Completed in 1ms
306 timing idealTree:node_modules/@types/linkify-it Completed in 0ms
307 timing idealTree:node_modules/@types/mdurl Completed in 0ms
308 silly placeDep ROOT argparse@2.0.1 OK for: markdown-it@14.1.0 want: ^2.0.1
309 silly placeDep ROOT entities@4.5.0 OK for: markdown-it@14.1.0 want: ^4.4.0
310 silly placeDep ROOT linkify-it@5.0.0 OK for: markdown-it@14.1.0 want: ^5.0.0
311 silly placeDep ROOT mdurl@2.0.0 OK for: markdown-it@14.1.0 want: ^2.0.0
312 silly placeDep ROOT punycode.js@2.3.1 OK for: markdown-it@14.1.0 want: ^2.3.1
313 silly placeDep ROOT uc.micro@2.1.0 OK for: markdown-it@14.1.0 want: ^2.1.0
314 timing idealTree:node_modules/markdown-it Completed in 1ms
315 timing idealTree:node_modules/argparse Completed in 0ms
316 timing idealTree:node_modules/entities Completed in 0ms
317 timing idealTree:node_modules/linkify-it Completed in 0ms
318 timing idealTree:node_modules/mdurl Completed in 0ms
319 silly placeDep ROOT crelt@1.0.6 OK for: prosemirror-menu@1.2.5 want: ^1.0.0
320 timing idealTree:node_modules/prosemirror-menu Completed in 1ms
321 timing idealTree:node_modules/crelt Completed in 0ms
322 silly placeDep ROOT orderedmap@2.1.1 OK for: prosemirror-model@1.25.4 want: ^2.0.0
323 timing idealTree:node_modules/prosemirror-model Completed in 0ms
324 timing idealTree:node_modules/orderedmap Completed in 0ms
325 timing idealTree:node_modules/prosemirror-schema-basic Completed in 0ms
326 timing idealTree:node_modules/prosemirror-schema-list Completed in 0ms
327 timing idealTree:node_modules/prosemirror-state Completed in 0ms
328 timing idealTree:node_modules/prosemirror-tables Completed in 0ms
329 silly placeDep ROOT @remirror/core-constants@3.0.0 OK for: prosemirror-trailing-node@3.0.0 want: 3.0.0
330 silly placeDep ROOT escape-string-regexp@4.0.0 OK for: prosemirror-trailing-node@3.0.0 want: ^4.0.0
331 timing idealTree:node_modules/prosemirror-trailing-node Completed in 1ms
332 timing idealTree:node_modules/@remirror/core-constants Completed in 0ms
333 timing idealTree:node_modules/escape-string-regexp Completed in 0ms
334 timing idealTree:node_modules/prosemirror-transform Completed in 0ms
335 timing idealTree:node_modules/prosemirror-view Completed in 0ms
336 timing idealTree:node_modules/punycode.js Completed in 0ms
337 timing idealTree:node_modules/rope-sequence Completed in 0ms
338 silly placeDep ROOT @popperjs/core@2.11.8 OK for: tippy.js@6.3.7 want: ^2.9.0
339 timing idealTree:node_modules/tippy.js Completed in 0ms
340 timing idealTree:node_modules/@popperjs/core Completed in 0ms
341 timing idealTree:node_modules/uc.micro Completed in 0ms
342 timing idealTree:node_modules/use-sync-external-store Completed in 0ms
343 timing idealTree:node_modules/w3c-keyname Completed in 0ms
344 timing idealTree:buildDeps Completed in 4957ms
345 timing idealTree:fixDepFlags Completed in 0ms
346 timing idealTree Completed in 5008ms
347 timing reify:loadTrees Completed in 5009ms
348 timing reify:diffTrees Completed in 4ms
349 silly reify moves {}
350 timing reify:retireShallow Completed in 1ms
351 timing reify:createSparse Completed in 6ms
352 timing reify:loadBundles Completed in 0ms
353 silly audit bulk request {
353 silly audit   '@dust-tt/sparkle': [ '0.7.4' ],
353 silly audit   '@alloc/quick-lru': [ '5.2.0' ],
353 silly audit   '@babel/code-frame': [ '7.27.1' ],
353 silly audit   '@babel/compat-data': [ '7.28.5' ],
353 silly audit   '@babel/core': [ '7.28.5' ],
353 silly audit   '@babel/generator': [ '7.28.5' ],
353 silly audit   '@babel/helper-compilation-targets': [ '7.27.2' ],
353 silly audit   '@babel/helper-globals': [ '7.28.0' ],
353 silly audit   '@babel/helper-module-imports': [ '7.27.1' ],
353 silly audit   '@babel/helper-module-transforms': [ '7.28.3' ],
353 silly audit   '@babel/helper-plugin-utils': [ '7.27.1' ],
353 silly audit   '@babel/helper-string-parser': [ '7.27.1' ],
353 silly audit   '@babel/helper-validator-identifier': [ '7.28.5' ],
353 silly audit   '@babel/helper-validator-option': [ '7.27.1' ],
353 silly audit   '@babel/helpers': [ '7.28.4' ],
353 silly audit   '@babel/parser': [ '7.28.5' ],
353 silly audit   '@babel/plugin-transform-react-jsx-self': [ '7.27.1' ],
353 silly audit   '@babel/plugin-transform-react-jsx-source': [ '7.27.1' ],
353 silly audit   '@babel/template': [ '7.27.2' ],
353 silly audit   '@babel/traverse': [ '7.28.5' ],
353 silly audit   '@babel/types': [ '7.28.5' ],
353 silly audit   '@esbuild/aix-ppc64': [ '0.21.5' ],
353 silly audit   '@esbuild/android-arm': [ '0.21.5' ],
353 silly audit   '@esbuild/android-arm64': [ '0.21.5' ],
353 silly audit   '@esbuild/android-x64': [ '0.21.5' ],
353 silly audit   '@esbuild/darwin-arm64': [ '0.21.5' ],
353 silly audit   '@esbuild/darwin-x64': [ '0.21.5' ],
353 silly audit   '@esbuild/freebsd-arm64': [ '0.21.5' ],
353 silly audit   '@esbuild/freebsd-x64': [ '0.21.5' ],
353 silly audit   '@esbuild/linux-arm': [ '0.21.5' ],
353 silly audit   '@esbuild/linux-arm64': [ '0.21.5' ],
353 silly audit   '@esbuild/linux-ia32': [ '0.21.5' ],
353 silly audit   '@esbuild/linux-loong64': [ '0.21.5' ],
353 silly audit   '@esbuild/linux-mips64el': [ '0.21.5' ],
353 silly audit   '@esbuild/linux-ppc64': [ '0.21.5' ],
353 silly audit   '@esbuild/linux-riscv64': [ '0.21.5' ],
353 silly audit   '@esbuild/linux-s390x': [ '0.21.5' ],
353 silly audit   '@esbuild/linux-x64': [ '0.21.5' ],
353 silly audit   '@esbuild/netbsd-x64': [ '0.21.5' ],
353 silly audit   '@esbuild/openbsd-x64': [ '0.21.5' ],
353 silly audit   '@esbuild/sunos-x64': [ '0.21.5' ],
353 silly audit   '@esbuild/win32-arm64': [ '0.21.5' ],
353 silly audit   '@esbuild/win32-ia32': [ '0.21.5' ],
353 silly audit   '@esbuild/win32-x64': [ '0.21.5' ],
353 silly audit   '@jridgewell/gen-mapping': [ '0.3.13' ],
353 silly audit   '@jridgewell/remapping': [ '2.3.5' ],
353 silly audit   '@jridgewell/resolve-uri': [ '3.1.2' ],
353 silly audit   '@jridgewell/sourcemap-codec': [ '1.5.5' ],
353 silly audit   '@jridgewell/trace-mapping': [ '0.3.31' ],
353 silly audit   '@nodelib/fs.scandir': [ '2.1.5' ],
353 silly audit   '@nodelib/fs.stat': [ '2.0.5' ],
353 silly audit   '@nodelib/fs.walk': [ '1.2.8' ],
353 silly audit   '@rolldown/pluginutils': [ '1.0.0-beta.27' ],
353 silly audit   '@rollup/rollup-android-arm-eabi': [ '4.54.0' ],
353 silly audit   '@rollup/rollup-android-arm64': [ '4.54.0' ],
353 silly audit   '@rollup/rollup-darwin-arm64': [ '4.54.0' ],
353 silly audit   '@rollup/rollup-darwin-x64': [ '4.54.0' ],
353 silly audit   '@rollup/rollup-freebsd-arm64': [ '4.54.0' ],
353 silly audit   '@rollup/rollup-freebsd-x64': [ '4.54.0' ],
353 silly audit   '@rollup/rollup-linux-arm-gnueabihf': [ '4.54.0' ],
353 silly audit   '@rollup/rollup-linux-arm-musleabihf': [ '4.54.0' ],
353 silly audit   '@rollup/rollup-linux-arm64-gnu': [ '4.54.0' ],
353 silly audit   '@rollup/rollup-linux-arm64-musl': [ '4.54.0' ],
353 silly audit   '@rollup/rollup-linux-loong64-gnu': [ '4.54.0' ],
353 silly audit   '@rollup/rollup-linux-ppc64-gnu': [ '4.54.0' ],
353 silly audit   '@rollup/rollup-linux-riscv64-gnu': [ '4.54.0' ],
353 silly audit   '@rollup/rollup-linux-riscv64-musl': [ '4.54.0' ],
353 silly audit   '@rollup/rollup-linux-s390x-gnu': [ '4.54.0' ],
353 silly audit   '@rollup/rollup-linux-x64-gnu': [ '4.54.0' ],
353 silly audit   '@rollup/rollup-linux-x64-musl': [ '4.54.0' ],
353 silly audit   '@rollup/rollup-openharmony-arm64': [ '4.54.0' ],
353 silly audit   '@rollup/rollup-win32-arm64-msvc': [ '4.54.0' ],
353 silly audit   '@rollup/rollup-win32-ia32-msvc': [ '4.54.0' ],
353 silly audit   '@rollup/rollup-win32-x64-gnu': [ '4.54.0' ],
353 silly audit   '@rollup/rollup-win32-x64-msvc': [ '4.54.0' ],
353 silly audit   '@types/babel__core': [ '7.20.5' ],
353 silly audit   '@types/babel__generator': [ '7.27.0' ],
353 silly audit   '@types/babel__template': [ '7.4.4' ],
353 silly audit   '@types/babel__traverse': [ '7.28.0' ],
353 silly audit   '@types/estree': [ '1.0.8' ],
353 silly audit   '@types/prop-types': [ '15.7.15' ],
353 silly audit   '@types/react': [ '18.3.27' ],
353 silly audit   '@types/react-dom': [ '18.3.7' ],
353 silly audit   '@vitejs/plugin-react': [ '4.7.0' ],
353 silly audit   'any-promise': [ '1.3.0' ],
353 silly audit   anymatch: [ '3.1.3' ],
353 silly audit   arg: [ '5.0.2' ],
353 silly audit   autoprefixer: [ '10.4.23' ],
353 silly audit   'baseline-browser-mapping': [ '2.9.11' ],
353 silly audit   'binary-extensions': [ '2.3.0' ],
353 silly audit   braces: [ '3.0.3' ],
353 silly audit   browserslist: [ '4.28.1' ],
353 silly audit   'camelcase-css': [ '2.0.1' ],
353 silly audit   'caniuse-lite': [ '1.0.30001762' ],
353 silly audit   chokidar: [ '3.6.0' ],
353 silly audit   'glob-parent': [ '5.1.2', '6.0.2' ],
353 silly audit   commander: [ '4.1.1' ],
353 silly audit   'convert-source-map': [ '2.0.0' ],
353 silly audit   cssesc: [ '3.0.0' ],
353 silly audit   csstype: [ '3.2.3' ],
353 silly audit   debug: [ '4.4.3' ],
353 silly audit   didyoumean: [ '1.2.2' ],
353 silly audit   dlv: [ '1.1.3' ],
353 silly audit   'electron-to-chromium': [ '1.5.267' ],
353 silly audit   esbuild: [ '0.21.5' ],
353 silly audit   escalade: [ '3.2.0' ],
353 silly audit   'fast-glob': [ '3.3.3' ],
353 silly audit   fastq: [ '1.20.1' ],
353 silly audit   'fill-range': [ '7.1.1' ],
353 silly audit   'fraction.js': [ '5.3.4' ],
353 silly audit   fsevents: [ '2.3.3' ],
353 silly audit   'function-bind': [ '1.1.2' ],
353 silly audit   gensync: [ '1.0.0-beta.2' ],
353 silly audit   hasown: [ '2.0.2' ],
353 silly audit   'is-binary-path': [ '2.1.0' ],
353 silly audit   'is-core-module': [ '2.16.1' ],
353 silly audit   'is-extglob': [ '2.1.1' ],
353 silly audit   'is-glob': [ '4.0.3' ],
353 silly audit   'is-number': [ '7.0.0' ],
353 silly audit   jiti: [ '1.21.7' ],
353 silly audit   'js-tokens': [ '4.0.0' ],
353 silly audit   jsesc: [ '3.1.0' ],
353 silly audit   json5: [ '2.2.3' ],
353 silly audit   lilconfig: [ '3.1.3' ],
353 silly audit   'lines-and-columns': [ '1.2.4' ],
353 silly audit   'loose-envify': [ '1.4.0' ],
353 silly audit   'lru-cache': [ '5.1.1' ],
353 silly audit   merge2: [ '1.4.1' ],
353 silly audit   micromatch: [ '4.0.8' ],
353 silly audit   ms: [ '2.1.3' ],
353 silly audit   mz: [ '2.7.0' ],
353 silly audit   nanoid: [ '3.3.11' ],
353 silly audit   'node-releases': [ '2.0.27' ],
353 silly audit   'normalize-path': [ '3.0.0' ],
353 silly audit   'object-assign': [ '4.1.1' ],
353 silly audit   'object-hash': [ '3.0.0' ],
353 silly audit   'path-parse': [ '1.0.7' ],
353 silly audit   picocolors: [ '1.1.1' ],
353 silly audit   picomatch: [ '2.3.1', '4.0.3' ],
353 silly audit   pify: [ '2.3.0' ],
353 silly audit   pirates: [ '4.0.7' ],
353 silly audit   postcss: [ '8.5.6' ],
353 silly audit   'postcss-import': [ '15.1.0' ],
353 silly audit   'postcss-js': [ '4.1.0' ],
353 silly audit   'postcss-load-config': [ '6.0.1' ],
353 silly audit   'postcss-nested': [ '6.2.0' ],
353 silly audit   'postcss-selector-parser': [ '6.1.2' ],
353 silly audit   'postcss-value-parser': [ '4.2.0' ],
353 silly audit   'queue-microtask': [ '1.2.3' ],
353 silly audit   react: [ '18.3.1' ],
353 silly audit   'react-dom': [ '18.3.1' ],
353 silly audit   'react-refresh': [ '0.17.0' ],
353 silly audit   'read-cache': [ '1.0.0' ],
353 silly audit   readdirp: [ '3.6.0' ],
353 silly audit   resolve: [ '1.22.11' ],
353 silly audit   reusify: [ '1.1.0' ],
353 silly audit   rollup: [ '4.54.0' ],
353 silly audit   'run-parallel': [ '1.2.0' ],
353 silly audit   scheduler: [ '0.23.2' ],
353 silly audit   semver: [ '6.3.1' ],
353 silly audit   'source-map-js': [ '1.2.1' ],
353 silly audit   sucrase: [ '3.35.1' ],
353 silly audit   'supports-preserve-symlinks-flag': [ '1.0.0' ],
353 silly audit   tailwindcss: [ '3.4.19' ],
353 silly audit   thenify: [ '3.3.1' ],
353 silly audit   'thenify-all': [ '1.6.0' ],
353 silly audit   tinyglobby: [ '0.2.15' ],
353 silly audit   fdir: [ '6.5.0' ],
353 silly audit   'to-regex-range': [ '5.0.1' ],
353 silly audit   'ts-interface-checker': [ '0.1.13' ],
353 silly audit   typescript: [ '5.9.3' ],
353 silly audit   'update-browserslist-db': [ '1.2.3' ],
353 silly audit   'util-deprecate': [ '1.0.2' ],
353 silly audit   vite: [ '5.4.21' ],
353 silly audit   yallist: [ '3.1.1' ],
353 silly audit   '@tiptap/core': [ '3.16.0' ],
353 silly audit   '@tiptap/pm': [ '3.16.0' ],
353 silly audit   '@tiptap/extension-mention': [ '3.16.0' ],
353 silly audit   '@tiptap/suggestion': [ '3.16.0' ],
353 silly audit   '@tiptap/extension-placeholder': [ '3.16.0' ],
353 silly audit   '@tiptap/extensions': [ '3.16.0' ],
353 silly audit   '@tiptap/react': [ '3.16.0' ],
353 silly audit   '@tiptap/starter-kit': [ '3.16.0' ],
353 silly audit   'tippy.js': [ '6.3.7' ],
353 silly audit   'prosemirror-changeset': [ '2.3.1' ],
353 silly audit   'prosemirror-collab': [ '1.3.1' ],
353 silly audit   'prosemirror-commands': [ '1.7.1' ],
353 silly audit   'prosemirror-dropcursor': [ '1.8.2' ],
353 silly audit   'prosemirror-gapcursor': [ '1.4.0' ],
353 silly audit   'prosemirror-history': [ '1.5.0' ],
353 silly audit   'prosemirror-inputrules': [ '1.5.1' ],
353 silly audit   'prosemirror-keymap': [ '1.2.3' ],
353 silly audit   'prosemirror-markdown': [ '1.13.3' ],
353 silly audit   'prosemirror-menu': [ '1.2.5' ],
353 silly audit   'prosemirror-model': [ '1.25.4' ],
353 silly audit   'prosemirror-schema-basic': [ '1.2.4' ],
353 silly audit   'prosemirror-schema-list': [ '1.5.1' ],
353 silly audit   'prosemirror-state': [ '1.4.4' ],
353 silly audit   'prosemirror-tables': [ '1.8.5' ],
353 silly audit   'prosemirror-trailing-node': [ '3.0.0' ],
353 silly audit   'prosemirror-view': [ '1.41.5' ],
353 silly audit   'prosemirror-transform': [ '1.11.0' ],
353 silly audit   '@tiptap/extension-bubble-menu': [ '3.16.0' ],
353 silly audit   '@tiptap/extension-floating-menu': [ '3.16.0' ],
353 silly audit   '@floating-ui/dom': [ '1.7.4' ],
353 silly audit   '@types/use-sync-external-store': [ '0.0.6' ],
353 silly audit   'fast-equals': [ '5.4.0' ],
353 silly audit   'use-sync-external-store': [ '1.6.0' ],
353 silly audit   '@floating-ui/core': [ '1.7.3' ],
353 silly audit   '@floating-ui/utils': [ '0.2.10' ],
353 silly audit   '@tiptap/extension-blockquote': [ '3.16.0' ],
353 silly audit   '@tiptap/extension-bold': [ '3.16.0' ],
353 silly audit   '@tiptap/extension-bullet-list': [ '3.16.0' ],
353 silly audit   '@tiptap/extension-list': [ '3.16.0' ],
353 silly audit   '@tiptap/extension-code': [ '3.16.0' ],
353 silly audit   '@tiptap/extension-code-block': [ '3.16.0' ],
353 silly audit   '@tiptap/extension-document': [ '3.16.0' ],
353 silly audit   '@tiptap/extension-dropcursor': [ '3.16.0' ],
353 silly audit   '@tiptap/extension-gapcursor': [ '3.16.0' ],
353 silly audit   '@tiptap/extension-hard-break': [ '3.16.0' ],
353 silly audit   '@tiptap/extension-heading': [ '3.16.0' ],
353 silly audit   '@tiptap/extension-horizontal-rule': [ '3.16.0' ],
353 silly audit   '@tiptap/extension-italic': [ '3.16.0' ],
353 silly audit   '@tiptap/extension-link': [ '3.16.0' ],
353 silly audit   '@tiptap/extension-list-item': [ '3.16.0' ],
353 silly audit   '@tiptap/extension-list-keymap': [ '3.16.0' ],
353 silly audit   '@tiptap/extension-ordered-list': [ '3.16.0' ],
353 silly audit   '@tiptap/extension-paragraph': [ '3.16.0' ],
353 silly audit   '@tiptap/extension-strike': [ '3.16.0' ],
353 silly audit   '@tiptap/extension-text': [ '3.16.0' ],
353 silly audit   '@tiptap/extension-underline': [ '3.16.0' ],
353 silly audit   linkifyjs: [ '4.3.2' ],
353 silly audit   'rope-sequence': [ '1.3.4' ],
353 silly audit   'w3c-keyname': [ '2.2.8' ],
353 silly audit   '@types/markdown-it': [ '14.1.2' ],
353 silly audit   'markdown-it': [ '14.1.0' ],
353 silly audit   '@types/linkify-it': [ '5.0.0' ],
353 silly audit   '@types/mdurl': [ '2.0.0' ],
353 silly audit   argparse: [ '2.0.1' ],
353 silly audit   entities: [ '4.5.0' ],
353 silly audit   'linkify-it': [ '5.0.0' ],
353 silly audit   mdurl: [ '2.0.0' ],
353 silly audit   'punycode.js': [ '2.3.1' ],
353 silly audit   'uc.micro': [ '2.1.0' ],
353 silly audit   crelt: [ '1.0.6' ],
353 silly audit   orderedmap: [ '2.1.1' ],
353 silly audit   '@remirror/core-constants': [ '3.0.0' ],
353 silly audit   'escape-string-regexp': [ '4.0.0' ],
353 silly audit   '@popperjs/core': [ '2.11.8' ]
353 silly audit }
354 verbose reify failed optional dependency /Users/edouardwautier/Projects/dust/sparkle/playground/node_modules/@rollup/rollup-win32-x64-msvc
355 silly reify mark deleted [
355 silly reify   '/Users/edouardwautier/Projects/dust/sparkle/playground/node_modules/@rollup/rollup-win32-x64-msvc'
355 silly reify ]
356 verbose reify failed optional dependency /Users/edouardwautier/Projects/dust/sparkle/playground/node_modules/@rollup/rollup-win32-x64-gnu
357 silly reify mark deleted [
357 silly reify   '/Users/edouardwautier/Projects/dust/sparkle/playground/node_modules/@rollup/rollup-win32-x64-gnu'
357 silly reify ]
358 verbose reify failed optional dependency /Users/edouardwautier/Projects/dust/sparkle/playground/node_modules/@rollup/rollup-win32-ia32-msvc
359 silly reify mark deleted [
359 silly reify   '/Users/edouardwautier/Projects/dust/sparkle/playground/node_modules/@rollup/rollup-win32-ia32-msvc'
359 silly reify ]
360 verbose reify failed optional dependency /Users/edouardwautier/Projects/dust/sparkle/playground/node_modules/@rollup/rollup-win32-arm64-msvc
361 silly reify mark deleted [
361 silly reify   '/Users/edouardwautier/Projects/dust/sparkle/playground/node_modules/@rollup/rollup-win32-arm64-msvc'
361 silly reify ]
362 verbose reify failed optional dependency /Users/edouardwautier/Projects/dust/sparkle/playground/node_modules/@rollup/rollup-openharmony-arm64
363 silly reify mark deleted [
363 silly reify   '/Users/edouardwautier/Projects/dust/sparkle/playground/node_modules/@rollup/rollup-openharmony-arm64'
363 silly reify ]
364 verbose reify failed optional dependency /Users/edouardwautier/Projects/dust/sparkle/playground/node_modules/@rollup/rollup-linux-x64-musl
365 silly reify mark deleted [
365 silly reify   '/Users/edouardwautier/Projects/dust/sparkle/playground/node_modules/@rollup/rollup-linux-x64-musl'
365 silly reify ]
366 verbose reify failed optional dependency /Users/edouardwautier/Projects/dust/sparkle/playground/node_modules/@rollup/rollup-linux-x64-gnu
367 silly reify mark deleted [
367 silly reify   '/Users/edouardwautier/Projects/dust/sparkle/playground/node_modules/@rollup/rollup-linux-x64-gnu'
367 silly reify ]
368 verbose reify failed optional dependency /Users/edouardwautier/Projects/dust/sparkle/playground/node_modules/@rollup/rollup-linux-s390x-gnu
369 silly reify mark deleted [
369 silly reify   '/Users/edouardwautier/Projects/dust/sparkle/playground/node_modules/@rollup/rollup-linux-s390x-gnu'
369 silly reify ]
370 verbose reify failed optional dependency /Users/edouardwautier/Projects/dust/sparkle/playground/node_modules/@rollup/rollup-linux-riscv64-musl
371 silly reify mark deleted [
371 silly reify   '/Users/edouardwautier/Projects/dust/sparkle/playground/node_modules/@rollup/rollup-linux-riscv64-musl'
371 silly reify ]
372 verbose reify failed optional dependency /Users/edouardwautier/Projects/dust/sparkle/playground/node_modules/@rollup/rollup-linux-riscv64-gnu
373 silly reify mark deleted [
373 silly reify   '/Users/edouardwautier/Projects/dust/sparkle/playground/node_modules/@rollup/rollup-linux-riscv64-gnu'
373 silly reify ]
374 verbose reify failed optional dependency /Users/edouardwautier/Projects/dust/sparkle/playground/node_modules/@rollup/rollup-linux-ppc64-gnu
375 silly reify mark deleted [
375 silly reify   '/Users/edouardwautier/Projects/dust/sparkle/playground/node_modules/@rollup/rollup-linux-ppc64-gnu'
375 silly reify ]
376 verbose reify failed optional dependency /Users/edouardwautier/Projects/dust/sparkle/playground/node_modules/@rollup/rollup-linux-loong64-gnu
377 silly reify mark deleted [
377 silly reify   '/Users/edouardwautier/Projects/dust/sparkle/playground/node_modules/@rollup/rollup-linux-loong64-gnu'
377 silly reify ]
378 verbose reify failed optional dependency /Users/edouardwautier/Projects/dust/sparkle/playground/node_modules/@rollup/rollup-linux-arm64-musl
379 silly reify mark deleted [
379 silly reify   '/Users/edouardwautier/Projects/dust/sparkle/playground/node_modules/@rollup/rollup-linux-arm64-musl'
379 silly reify ]
380 verbose reify failed optional dependency /Users/edouardwautier/Projects/dust/sparkle/playground/node_modules/@rollup/rollup-linux-arm64-gnu
381 silly reify mark deleted [
381 silly reify   '/Users/edouardwautier/Projects/dust/sparkle/playground/node_modules/@rollup/rollup-linux-arm64-gnu'
381 silly reify ]
382 verbose reify failed optional dependency /Users/edouardwautier/Projects/dust/sparkle/playground/node_modules/@rollup/rollup-linux-arm-musleabihf
383 silly reify mark deleted [
383 silly reify   '/Users/edouardwautier/Projects/dust/sparkle/playground/node_modules/@rollup/rollup-linux-arm-musleabihf'
383 silly reify ]
384 verbose reify failed optional dependency /Users/edouardwautier/Projects/dust/sparkle/playground/node_modules/@rollup/rollup-linux-arm-gnueabihf
385 silly reify mark deleted [
385 silly reify   '/Users/edouardwautier/Projects/dust/sparkle/playground/node_modules/@rollup/rollup-linux-arm-gnueabihf'
385 silly reify ]
386 verbose reify failed optional dependency /Users/edouardwautier/Projects/dust/sparkle/playground/node_modules/@rollup/rollup-freebsd-x64
387 silly reify mark deleted [
387 silly reify   '/Users/edouardwautier/Projects/dust/sparkle/playground/node_modules/@rollup/rollup-freebsd-x64'
387 silly reify ]
388 verbose reify failed optional dependency /Users/edouardwautier/Projects/dust/sparkle/playground/node_modules/@rollup/rollup-freebsd-arm64
389 silly reify mark deleted [
389 silly reify   '/Users/edouardwautier/Projects/dust/sparkle/playground/node_modules/@rollup/rollup-freebsd-arm64'
389 silly reify ]
390 verbose reify failed optional dependency /Users/edouardwautier/Projects/dust/sparkle/playground/node_modules/@rollup/rollup-darwin-x64
391 silly reify mark deleted [
391 silly reify   '/Users/edouardwautier/Projects/dust/sparkle/playground/node_modules/@rollup/rollup-darwin-x64'
391 silly reify ]
392 verbose reify failed optional dependency /Users/edouardwautier/Projects/dust/sparkle/playground/node_modules/@rollup/rollup-android-arm64
393 silly reify mark deleted [
393 silly reify   '/Users/edouardwautier/Projects/dust/sparkle/playground/node_modules/@rollup/rollup-android-arm64'
393 silly reify ]
394 verbose reify failed optional dependency /Users/edouardwautier/Projects/dust/sparkle/playground/node_modules/@rollup/rollup-android-arm-eabi
395 silly reify mark deleted [
395 silly reify   '/Users/edouardwautier/Projects/dust/sparkle/playground/node_modules/@rollup/rollup-android-arm-eabi'
395 silly reify ]
396 verbose reify failed optional dependency /Users/edouardwautier/Projects/dust/sparkle/playground/node_modules/@esbuild/win32-x64
397 silly reify mark deleted [
397 silly reify   '/Users/edouardwautier/Projects/dust/sparkle/playground/node_modules/@esbuild/win32-x64'
397 silly reify ]
398 verbose reify failed optional dependency /Users/edouardwautier/Projects/dust/sparkle/playground/node_modules/@esbuild/win32-ia32
399 silly reify mark deleted [
399 silly reify   '/Users/edouardwautier/Projects/dust/sparkle/playground/node_modules/@esbuild/win32-ia32'
399 silly reify ]
400 verbose reify failed optional dependency /Users/edouardwautier/Projects/dust/sparkle/playground/node_modules/@esbuild/win32-arm64
401 silly reify mark deleted [
401 silly reify   '/Users/edouardwautier/Projects/dust/sparkle/playground/node_modules/@esbuild/win32-arm64'
401 silly reify ]
402 verbose reify failed optional dependency /Users/edouardwautier/Projects/dust/sparkle/playground/node_modules/@esbuild/sunos-x64
403 silly reify mark deleted [
403 silly reify   '/Users/edouardwautier/Projects/dust/sparkle/playground/node_modules/@esbuild/sunos-x64'
403 silly reify ]
404 verbose reify failed optional dependency /Users/edouardwautier/Projects/dust/sparkle/playground/node_modules/@esbuild/openbsd-x64
405 silly reify mark deleted [
405 silly reify   '/Users/edouardwautier/Projects/dust/sparkle/playground/node_modules/@esbuild/openbsd-x64'
405 silly reify ]
406 verbose reify failed optional dependency /Users/edouardwautier/Projects/dust/sparkle/playground/node_modules/@esbuild/netbsd-x64
407 silly reify mark deleted [
407 silly reify   '/Users/edouardwautier/Projects/dust/sparkle/playground/node_modules/@esbuild/netbsd-x64'
407 silly reify ]
408 verbose reify failed optional dependency /Users/edouardwautier/Projects/dust/sparkle/playground/node_modules/@esbuild/linux-x64
409 silly reify mark deleted [
409 silly reify   '/Users/edouardwautier/Projects/dust/sparkle/playground/node_modules/@esbuild/linux-x64'
409 silly reify ]
410 verbose reify failed optional dependency /Users/edouardwautier/Projects/dust/sparkle/playground/node_modules/@esbuild/linux-s390x
411 silly reify mark deleted [
411 silly reify   '/Users/edouardwautier/Projects/dust/sparkle/playground/node_modules/@esbuild/linux-s390x'
411 silly reify ]
412 verbose reify failed optional dependency /Users/edouardwautier/Projects/dust/sparkle/playground/node_modules/@esbuild/linux-riscv64
413 silly reify mark deleted [
413 silly reify   '/Users/edouardwautier/Projects/dust/sparkle/playground/node_modules/@esbuild/linux-riscv64'
413 silly reify ]
414 verbose reify failed optional dependency /Users/edouardwautier/Projects/dust/sparkle/playground/node_modules/@esbuild/linux-ppc64
415 silly reify mark deleted [
415 silly reify   '/Users/edouardwautier/Projects/dust/sparkle/playground/node_modules/@esbuild/linux-ppc64'
415 silly reify ]
416 verbose reify failed optional dependency /Users/edouardwautier/Projects/dust/sparkle/playground/node_modules/@esbuild/linux-mips64el
417 silly reify mark deleted [
417 silly reify   '/Users/edouardwautier/Projects/dust/sparkle/playground/node_modules/@esbuild/linux-mips64el'
417 silly reify ]
418 verbose reify failed optional dependency /Users/edouardwautier/Projects/dust/sparkle/playground/node_modules/@esbuild/linux-loong64
419 silly reify mark deleted [
419 silly reify   '/Users/edouardwautier/Projects/dust/sparkle/playground/node_modules/@esbuild/linux-loong64'
419 silly reify ]
420 verbose reify failed optional dependency /Users/edouardwautier/Projects/dust/sparkle/playground/node_modules/@esbuild/linux-ia32
421 silly reify mark deleted [
421 silly reify   '/Users/edouardwautier/Projects/dust/sparkle/playground/node_modules/@esbuild/linux-ia32'
421 silly reify ]
422 verbose reify failed optional dependency /Users/edouardwautier/Projects/dust/sparkle/playground/node_modules/@esbuild/linux-arm64
423 silly reify mark deleted [
423 silly reify   '/Users/edouardwautier/Projects/dust/sparkle/playground/node_modules/@esbuild/linux-arm64'
423 silly reify ]
424 verbose reify failed optional dependency /Users/edouardwautier/Projects/dust/sparkle/playground/node_modules/@esbuild/linux-arm
425 silly reify mark deleted [
425 silly reify   '/Users/edouardwautier/Projects/dust/sparkle/playground/node_modules/@esbuild/linux-arm'
425 silly reify ]
426 verbose reify failed optional dependency /Users/edouardwautier/Projects/dust/sparkle/playground/node_modules/@esbuild/freebsd-x64
427 silly reify mark deleted [
427 silly reify   '/Users/edouardwautier/Projects/dust/sparkle/playground/node_modules/@esbuild/freebsd-x64'
427 silly reify ]
428 verbose reify failed optional dependency /Users/edouardwautier/Projects/dust/sparkle/playground/node_modules/@esbuild/freebsd-arm64
429 silly reify mark deleted [
429 silly reify   '/Users/edouardwautier/Projects/dust/sparkle/playground/node_modules/@esbuild/freebsd-arm64'
429 silly reify ]
430 verbose reify failed optional dependency /Users/edouardwautier/Projects/dust/sparkle/playground/node_modules/@esbuild/darwin-x64
431 silly reify mark deleted [
431 silly reify   '/Users/edouardwautier/Projects/dust/sparkle/playground/node_modules/@esbuild/darwin-x64'
431 silly reify ]
432 verbose reify failed optional dependency /Users/edouardwautier/Projects/dust/sparkle/playground/node_modules/@esbuild/android-x64
433 silly reify mark deleted [
433 silly reify   '/Users/edouardwautier/Projects/dust/sparkle/playground/node_modules/@esbuild/android-x64'
433 silly reify ]
434 verbose reify failed optional dependency /Users/edouardwautier/Projects/dust/sparkle/playground/node_modules/@esbuild/android-arm64
435 silly reify mark deleted [
435 silly reify   '/Users/edouardwautier/Projects/dust/sparkle/playground/node_modules/@esbuild/android-arm64'
435 silly reify ]
436 verbose reify failed optional dependency /Users/edouardwautier/Projects/dust/sparkle/playground/node_modules/@esbuild/android-arm
437 silly reify mark deleted [
437 silly reify   '/Users/edouardwautier/Projects/dust/sparkle/playground/node_modules/@esbuild/android-arm'
437 silly reify ]
438 verbose reify failed optional dependency /Users/edouardwautier/Projects/dust/sparkle/playground/node_modules/@esbuild/aix-ppc64
439 silly reify mark deleted [
439 silly reify   '/Users/edouardwautier/Projects/dust/sparkle/playground/node_modules/@esbuild/aix-ppc64'
439 silly reify ]
440 timing reifyNode:node_modules/@rollup/rollup-win32-x64-msvc Completed in 8ms
441 timing reifyNode:node_modules/@rollup/rollup-win32-x64-gnu Completed in 8ms
442 timing reifyNode:node_modules/@rollup/rollup-win32-ia32-msvc Completed in 8ms
443 timing reifyNode:node_modules/@rollup/rollup-win32-arm64-msvc Completed in 8ms
444 timing reifyNode:node_modules/@rollup/rollup-openharmony-arm64 Completed in 8ms
445 timing reifyNode:node_modules/@rollup/rollup-linux-x64-musl Completed in 8ms
446 timing reifyNode:node_modules/@rollup/rollup-linux-x64-gnu Completed in 8ms
447 timing reifyNode:node_modules/@rollup/rollup-linux-s390x-gnu Completed in 8ms
448 timing reifyNode:node_modules/@rollup/rollup-linux-riscv64-musl Completed in 8ms
449 timing reifyNode:node_modules/@rollup/rollup-linux-riscv64-gnu Completed in 8ms
450 timing reifyNode:node_modules/@rollup/rollup-linux-ppc64-gnu Completed in 8ms
451 timing reifyNode:node_modules/@rollup/rollup-linux-loong64-gnu Completed in 8ms
452 timing reifyNode:node_modules/@rollup/rollup-linux-arm64-musl Completed in 8ms
453 timing reifyNode:node_modules/@rollup/rollup-linux-arm64-gnu Completed in 8ms
454 timing reifyNode:node_modules/@rollup/rollup-linux-arm-musleabihf Completed in 8ms
455 timing reifyNode:node_modules/@rollup/rollup-linux-arm-gnueabihf Completed in 8ms
456 timing reifyNode:node_modules/@rollup/rollup-freebsd-x64 Completed in 8ms
457 timing reifyNode:node_modules/@rollup/rollup-freebsd-arm64 Completed in 8ms
458 timing reifyNode:node_modules/@rollup/rollup-darwin-x64 Completed in 8ms
459 timing reifyNode:node_modules/@rollup/rollup-android-arm64 Completed in 8ms
460 timing reifyNode:node_modules/@rollup/rollup-android-arm-eabi Completed in 8ms
461 timing reifyNode:node_modules/@esbuild/win32-x64 Completed in 8ms
462 timing reifyNode:node_modules/@esbuild/win32-ia32 Completed in 8ms
463 timing reifyNode:node_modules/@esbuild/win32-arm64 Completed in 8ms
464 timing reifyNode:node_modules/@esbuild/sunos-x64 Completed in 8ms
465 timing reifyNode:node_modules/@esbuild/openbsd-x64 Completed in 8ms
466 timing reifyNode:node_modules/@esbuild/netbsd-x64 Completed in 9ms
467 timing reifyNode:node_modules/@esbuild/linux-x64 Completed in 9ms
468 timing reifyNode:node_modules/@esbuild/linux-s390x Completed in 9ms
469 timing reifyNode:node_modules/@esbuild/linux-riscv64 Completed in 9ms
470 timing reifyNode:node_modules/@esbuild/linux-ppc64 Completed in 9ms
471 timing reifyNode:node_modules/@esbuild/linux-mips64el Completed in 9ms
472 timing reifyNode:node_modules/@esbuild/linux-loong64 Completed in 9ms
473 timing reifyNode:node_modules/@esbuild/linux-ia32 Completed in 9ms
474 timing reifyNode:node_modules/@esbuild/linux-arm64 Completed in 9ms
475 timing reifyNode:node_modules/@esbuild/linux-arm Completed in 9ms
476 timing reifyNode:node_modules/@esbuild/freebsd-x64 Completed in 8ms
477 timing reifyNode:node_modules/@esbuild/freebsd-arm64 Completed in 8ms
478 timing reifyNode:node_modules/@esbuild/darwin-x64 Completed in 8ms
479 timing reifyNode:node_modules/@esbuild/android-x64 Completed in 8ms
480 timing reifyNode:node_modules/@esbuild/android-arm64 Completed in 8ms
481 timing reifyNode:node_modules/@esbuild/android-arm Completed in 8ms
482 timing reifyNode:node_modules/@esbuild/aix-ppc64 Completed in 8ms
483 silly tarball no local data for @popperjs/core@https://registry.npmjs.org/@popperjs/core/-/core-2.11.8.tgz. Extracting by manifest.
484 silly tarball no local data for @remirror/core-constants@https://registry.npmjs.org/@remirror/core-constants/-/core-constants-3.0.0.tgz. Extracting by manifest.
485 silly tarball no local data for escape-string-regexp@https://registry.npmjs.org/escape-string-regexp/-/escape-string-regexp-4.0.0.tgz. Extracting by manifest.
486 silly tarball no local data for orderedmap@https://registry.npmjs.org/orderedmap/-/orderedmap-2.1.1.tgz. Extracting by manifest.
487 silly tarball no local data for uc.micro@https://registry.npmjs.org/uc.micro/-/uc.micro-2.1.0.tgz. Extracting by manifest.
488 silly tarball no local data for crelt@https://registry.npmjs.org/crelt/-/crelt-1.0.6.tgz. Extracting by manifest.
489 silly tarball no local data for entities@https://registry.npmjs.org/entities/-/entities-4.5.0.tgz. Extracting by manifest.
490 silly tarball no local data for punycode.js@https://registry.npmjs.org/punycode.js/-/punycode.js-2.3.1.tgz. Extracting by manifest.
491 silly tarball no local data for linkify-it@https://registry.npmjs.org/linkify-it/-/linkify-it-5.0.0.tgz. Extracting by manifest.
492 silly tarball no local data for mdurl@https://registry.npmjs.org/mdurl/-/mdurl-2.0.0.tgz. Extracting by manifest.
493 silly tarball no local data for @types/mdurl@https://registry.npmjs.org/@types/mdurl/-/mdurl-2.0.0.tgz. Extracting by manifest.
494 silly tarball no local data for markdown-it@https://registry.npmjs.org/markdown-it/-/markdown-it-14.1.0.tgz. Extracting by manifest.
495 silly tarball no local data for argparse@https://registry.npmjs.org/argparse/-/argparse-2.0.1.tgz. Extracting by manifest.
496 silly tarball no local data for rope-sequence@https://registry.npmjs.org/rope-sequence/-/rope-sequence-1.3.4.tgz. Extracting by manifest.
497 silly tarball no local data for linkifyjs@https://registry.npmjs.org/linkifyjs/-/linkifyjs-4.3.2.tgz. Extracting by manifest.
498 silly tarball no local data for @types/linkify-it@https://registry.npmjs.org/@types/linkify-it/-/linkify-it-5.0.0.tgz. Extracting by manifest.
499 silly tarball no local data for @tiptap/extension-text@https://registry.npmjs.org/@tiptap/extension-text/-/extension-text-3.16.0.tgz. Extracting by manifest.
500 silly tarball no local data for @types/markdown-it@https://registry.npmjs.org/@types/markdown-it/-/markdown-it-14.1.2.tgz. Extracting by manifest.
501 silly tarball no local data for @tiptap/extension-paragraph@https://registry.npmjs.org/@tiptap/extension-paragraph/-/extension-paragraph-3.16.0.tgz. Extracting by manifest.
502 silly tarball no local data for @tiptap/extension-underline@https://registry.npmjs.org/@tiptap/extension-underline/-/extension-underline-3.16.0.tgz. Extracting by manifest.
503 silly tarball no local data for w3c-keyname@https://registry.npmjs.org/w3c-keyname/-/w3c-keyname-2.2.8.tgz. Extracting by manifest.
504 silly tarball no local data for @tiptap/extension-strike@https://registry.npmjs.org/@tiptap/extension-strike/-/extension-strike-3.16.0.tgz. Extracting by manifest.
505 silly tarball no local data for @tiptap/extension-ordered-list@https://registry.npmjs.org/@tiptap/extension-ordered-list/-/extension-ordered-list-3.16.0.tgz. Extracting by manifest.
506 silly tarball no local data for @tiptap/extension-list-keymap@https://registry.npmjs.org/@tiptap/extension-list-keymap/-/extension-list-keymap-3.16.0.tgz. Extracting by manifest.
507 silly tarball no local data for @tiptap/extension-link@https://registry.npmjs.org/@tiptap/extension-link/-/extension-link-3.16.0.tgz. Extracting by manifest.
508 silly tarball no local data for @tiptap/extension-italic@https://registry.npmjs.org/@tiptap/extension-italic/-/extension-italic-3.16.0.tgz. Extracting by manifest.
509 silly tarball no local data for @tiptap/extension-list-item@https://registry.npmjs.org/@tiptap/extension-list-item/-/extension-list-item-3.16.0.tgz. Extracting by manifest.
510 silly tarball no local data for @tiptap/extension-horizontal-rule@https://registry.npmjs.org/@tiptap/extension-horizontal-rule/-/extension-horizontal-rule-3.16.0.tgz. Extracting by manifest.
511 silly tarball no local data for @tiptap/extension-heading@https://registry.npmjs.org/@tiptap/extension-heading/-/extension-heading-3.16.0.tgz. Extracting by manifest.
512 silly tarball no local data for @tiptap/extension-hard-break@https://registry.npmjs.org/@tiptap/extension-hard-break/-/extension-hard-break-3.16.0.tgz. Extracting by manifest.
513 silly tarball no local data for @tiptap/extension-code-block@https://registry.npmjs.org/@tiptap/extension-code-block/-/extension-code-block-3.16.0.tgz. Extracting by manifest.
514 silly tarball no local data for @tiptap/extension-document@https://registry.npmjs.org/@tiptap/extension-document/-/extension-document-3.16.0.tgz. Extracting by manifest.
515 silly tarball no local data for @tiptap/extension-dropcursor@https://registry.npmjs.org/@tiptap/extension-dropcursor/-/extension-dropcursor-3.16.0.tgz. Extracting by manifest.
516 silly tarball no local data for @tiptap/extension-list@https://registry.npmjs.org/@tiptap/extension-list/-/extension-list-3.16.0.tgz. Extracting by manifest.
517 silly tarball no local data for @tiptap/extension-bold@https://registry.npmjs.org/@tiptap/extension-bold/-/extension-bold-3.16.0.tgz. Extracting by manifest.
518 silly tarball no local data for @tiptap/extension-gapcursor@https://registry.npmjs.org/@tiptap/extension-gapcursor/-/extension-gapcursor-3.16.0.tgz. Extracting by manifest.
519 silly tarball no local data for @tiptap/extension-code@https://registry.npmjs.org/@tiptap/extension-code/-/extension-code-3.16.0.tgz. Extracting by manifest.
520 silly tarball no local data for @floating-ui/core@https://registry.npmjs.org/@floating-ui/core/-/core-1.7.3.tgz. Extracting by manifest.
521 silly tarball no local data for @tiptap/extension-bullet-list@https://registry.npmjs.org/@tiptap/extension-bullet-list/-/extension-bullet-list-3.16.0.tgz. Extracting by manifest.
522 silly tarball no local data for @types/use-sync-external-store@https://registry.npmjs.org/@types/use-sync-external-store/-/use-sync-external-store-0.0.6.tgz. Extracting by manifest.
523 silly tarball no local data for use-sync-external-store@https://registry.npmjs.org/use-sync-external-store/-/use-sync-external-store-1.6.0.tgz. Extracting by manifest.
524 silly tarball no local data for @tiptap/extension-blockquote@https://registry.npmjs.org/@tiptap/extension-blockquote/-/extension-blockquote-3.16.0.tgz. Extracting by manifest.
525 silly tarball no local data for @tiptap/extension-floating-menu@https://registry.npmjs.org/@tiptap/extension-floating-menu/-/extension-floating-menu-3.16.0.tgz. Extracting by manifest.
526 silly tarball no local data for @floating-ui/utils@https://registry.npmjs.org/@floating-ui/utils/-/utils-0.2.10.tgz. Extracting by manifest.
527 silly tarball no local data for fast-equals@https://registry.npmjs.org/fast-equals/-/fast-equals-5.4.0.tgz. Extracting by manifest.
528 silly tarball no local data for prosemirror-schema-list@https://registry.npmjs.org/prosemirror-schema-list/-/prosemirror-schema-list-1.5.1.tgz. Extracting by manifest.
529 silly tarball no local data for @tiptap/extension-bubble-menu@https://registry.npmjs.org/@tiptap/extension-bubble-menu/-/extension-bubble-menu-3.16.0.tgz. Extracting by manifest.
530 silly tarball no local data for prosemirror-trailing-node@https://registry.npmjs.org/prosemirror-trailing-node/-/prosemirror-trailing-node-3.0.0.tgz. Extracting by manifest.
531 silly tarball no local data for prosemirror-transform@https://registry.npmjs.org/prosemirror-transform/-/prosemirror-transform-1.11.0.tgz. Extracting by manifest.
532 silly tarball no local data for prosemirror-view@https://registry.npmjs.org/prosemirror-view/-/prosemirror-view-1.41.5.tgz. Extracting by manifest.
533 silly tarball no local data for prosemirror-tables@https://registry.npmjs.org/prosemirror-tables/-/prosemirror-tables-1.8.5.tgz. Extracting by manifest.
534 silly tarball no local data for prosemirror-state@https://registry.npmjs.org/prosemirror-state/-/prosemirror-state-1.4.4.tgz. Extracting by manifest.
535 silly tarball no local data for prosemirror-model@https://registry.npmjs.org/prosemirror-model/-/prosemirror-model-1.25.4.tgz. Extracting by manifest.
536 silly tarball no local data for prosemirror-menu@https://registry.npmjs.org/prosemirror-menu/-/prosemirror-menu-1.2.5.tgz. Extracting by manifest.
537 silly tarball no local data for prosemirror-markdown@https://registry.npmjs.org/prosemirror-markdown/-/prosemirror-markdown-1.13.3.tgz. Extracting by manifest.
538 silly tarball no local data for @floating-ui/dom@https://registry.npmjs.org/@floating-ui/dom/-/dom-1.7.4.tgz. Extracting by manifest.
539 silly tarball no local data for prosemirror-keymap@https://registry.npmjs.org/prosemirror-keymap/-/prosemirror-keymap-1.2.3.tgz. Extracting by manifest.
540 silly tarball no local data for prosemirror-inputrules@https://registry.npmjs.org/prosemirror-inputrules/-/prosemirror-inputrules-1.5.1.tgz. Extracting by manifest.
541 silly tarball no local data for prosemirror-gapcursor@https://registry.npmjs.org/prosemirror-gapcursor/-/prosemirror-gapcursor-1.4.0.tgz. Extracting by manifest.
542 silly tarball no local data for prosemirror-schema-basic@https://registry.npmjs.org/prosemirror-schema-basic/-/prosemirror-schema-basic-1.2.4.tgz. Extracting by manifest.
543 silly tarball no local data for prosemirror-dropcursor@https://registry.npmjs.org/prosemirror-dropcursor/-/prosemirror-dropcursor-1.8.2.tgz. Extracting by manifest.
544 silly tarball no local data for prosemirror-collab@https://registry.npmjs.org/prosemirror-collab/-/prosemirror-collab-1.3.1.tgz. Extracting by manifest.
545 silly tarball no local data for prosemirror-history@https://registry.npmjs.org/prosemirror-history/-/prosemirror-history-1.5.0.tgz. Extracting by manifest.
546 silly tarball no local data for @tiptap/starter-kit@https://registry.npmjs.org/@tiptap/starter-kit/-/starter-kit-3.16.0.tgz. Extracting by manifest.
547 silly tarball no local data for @tiptap/extensions@https://registry.npmjs.org/@tiptap/extensions/-/extensions-3.16.0.tgz. Extracting by manifest.
548 silly tarball no local data for prosemirror-commands@https://registry.npmjs.org/prosemirror-commands/-/prosemirror-commands-1.7.1.tgz. Extracting by manifest.
549 silly tarball no local data for @tiptap/extension-placeholder@https://registry.npmjs.org/@tiptap/extension-placeholder/-/extension-placeholder-3.16.0.tgz. Extracting by manifest.
550 silly tarball no local data for tippy.js@https://registry.npmjs.org/tippy.js/-/tippy.js-6.3.7.tgz. Extracting by manifest.
551 silly tarball no local data for prosemirror-changeset@https://registry.npmjs.org/prosemirror-changeset/-/prosemirror-changeset-2.3.1.tgz. Extracting by manifest.
552 silly tarball no local data for @tiptap/suggestion@https://registry.npmjs.org/@tiptap/suggestion/-/suggestion-3.16.0.tgz. Extracting by manifest.
553 silly tarball no local data for @tiptap/pm@https://registry.npmjs.org/@tiptap/pm/-/pm-3.16.0.tgz. Extracting by manifest.
554 silly tarball no local data for @tiptap/react@https://registry.npmjs.org/@tiptap/react/-/react-3.16.0.tgz. Extracting by manifest.
555 silly tarball no local data for @tiptap/extension-mention@https://registry.npmjs.org/@tiptap/extension-mention/-/extension-mention-3.16.0.tgz. Extracting by manifest.
556 silly tarball no local data for @tiptap/core@https://registry.npmjs.org/@tiptap/core/-/core-3.16.0.tgz. Extracting by manifest.
557 http fetch GET 200 https://registry.npmjs.org/escape-string-regexp/-/escape-string-regexp-4.0.0.tgz 81ms (cache miss)
558 timing reifyNode:node_modules/escape-string-regexp Completed in 99ms
559 http fetch GET 200 https://registry.npmjs.org/crelt/-/crelt-1.0.6.tgz 91ms (cache miss)
560 timing reifyNode:node_modules/crelt Completed in 110ms
561 http fetch GET 200 https://registry.npmjs.org/orderedmap/-/orderedmap-2.1.1.tgz 92ms (cache miss)
562 timing reifyNode:node_modules/orderedmap Completed in 110ms
563 http fetch GET 200 https://registry.npmjs.org/linkify-it/-/linkify-it-5.0.0.tgz 90ms (cache miss)
564 timing reifyNode:node_modules/linkify-it Completed in 111ms
565 http fetch GET 200 https://registry.npmjs.org/punycode.js/-/punycode.js-2.3.1.tgz 92ms (cache miss)
566 timing reifyNode:node_modules/punycode.js Completed in 111ms
567 http fetch GET 200 https://registry.npmjs.org/uc.micro/-/uc.micro-2.1.0.tgz 95ms (cache miss)
568 timing reifyNode:node_modules/uc.micro Completed in 113ms
569 http fetch GET 200 https://registry.npmjs.org/rope-sequence/-/rope-sequence-1.3.4.tgz 95ms (cache miss)
570 timing reifyNode:node_modules/rope-sequence Completed in 116ms
571 http fetch GET 200 https://registry.npmjs.org/argparse/-/argparse-2.0.1.tgz 96ms (cache miss)
572 timing reifyNode:node_modules/argparse Completed in 117ms
573 http fetch GET 200 https://registry.npmjs.org/entities/-/entities-4.5.0.tgz 99ms (cache miss)
574 timing reifyNode:node_modules/entities Completed in 118ms
575 http fetch GET 200 https://registry.npmjs.org/mdurl/-/mdurl-2.0.0.tgz 127ms (cache miss)
576 timing reifyNode:node_modules/mdurl Completed in 147ms
577 http fetch GET 200 https://registry.npmjs.org/markdown-it/-/markdown-it-14.1.0.tgz 131ms (cache miss)
578 timing reifyNode:node_modules/markdown-it Completed in 152ms
579 http fetch GET 200 https://registry.npmjs.org/@remirror/core-constants/-/core-constants-3.0.0.tgz 135ms (cache miss)
580 timing reifyNode:node_modules/@remirror/core-constants Completed in 153ms
581 http fetch GET 200 https://registry.npmjs.org/linkifyjs/-/linkifyjs-4.3.2.tgz 158ms (cache miss)
582 timing reifyNode:node_modules/linkifyjs Completed in 181ms
583 http fetch GET 200 https://registry.npmjs.org/@types/linkify-it/-/linkify-it-5.0.0.tgz 159ms (cache miss)
584 timing reifyNode:node_modules/@types/linkify-it Completed in 181ms
585 http fetch GET 200 https://registry.npmjs.org/@types/mdurl/-/mdurl-2.0.0.tgz 162ms (cache miss)
586 timing reifyNode:node_modules/@types/mdurl Completed in 182ms
587 http fetch POST 200 https://registry.npmjs.org/-/npm/v1/security/advisories/bulk 205ms
588 timing auditReport:getReport Completed in 209ms
589 silly audit report {
589 silly audit report   esbuild: [
589 silly audit report     {
589 silly audit report       id: 1102341,
589 silly audit report       url: 'https://github.com/advisories/GHSA-67mh-4wv8-2f99',
589 silly audit report       title: 'esbuild enables any website to send any requests to the development server and read the response',
589 silly audit report       severity: 'moderate',
589 silly audit report       vulnerable_versions: '<=0.24.2',
589 silly audit report       cwe: [Array],
589 silly audit report       cvss: [Object]
589 silly audit report     }
589 silly audit report   ]
589 silly audit report }
590 timing metavuln:cache:get:security-advisory:esbuild:jKdCIzePj7J1488qgRXvF8Srh9wutSuR1exB8YooNX62hT+qhtrUXYbArLNoIhgwbaCqKpmduh18syZU7BR9SA== Completed in 1ms
591 http fetch GET 200 https://registry.npmjs.org/w3c-keyname/-/w3c-keyname-2.2.8.tgz 183ms (cache miss)
592 timing reifyNode:node_modules/w3c-keyname Completed in 208ms
593 http fetch GET 200 https://registry.npmjs.org/@types/markdown-it/-/markdown-it-14.1.2.tgz 188ms (cache miss)
594 timing reifyNode:node_modules/@types/markdown-it Completed in 212ms
595 http fetch GET 200 https://registry.npmjs.org/@popperjs/core/-/core-2.11.8.tgz 212ms (cache miss)
596 timing reifyNode:node_modules/@popperjs/core Completed in 229ms
597 http fetch GET 200 https://registry.npmjs.org/@tiptap/extension-text/-/extension-text-3.16.0.tgz 242ms (cache miss)
598 timing reifyNode:node_modules/@tiptap/extension-text Completed in 264ms
599 http fetch GET 200 https://registry.npmjs.org/@tiptap/extension-hard-break/-/extension-hard-break-3.16.0.tgz 241ms (cache miss)
600 timing reifyNode:node_modules/@tiptap/extension-hard-break Completed in 269ms
601 http fetch GET 200 https://registry.npmjs.org/@tiptap/extension-paragraph/-/extension-paragraph-3.16.0.tgz 431ms (cache miss)
602 http fetch GET 200 https://registry.npmjs.org/@tiptap/extension-bold/-/extension-bold-3.16.0.tgz 424ms (cache miss)
603 http fetch GET 200 https://registry.npmjs.org/@tiptap/extension-ordered-list/-/extension-ordered-list-3.16.0.tgz 428ms (cache miss)
604 timing reifyNode:node_modules/@tiptap/extension-ordered-list Completed in 455ms
605 http fetch GET 200 https://registry.npmjs.org/@tiptap/extension-horizontal-rule/-/extension-horizontal-rule-3.16.0.tgz 428ms (cache miss)
606 http fetch GET 200 https://registry.npmjs.org/@tiptap/extension-list-keymap/-/extension-list-keymap-3.16.0.tgz 432ms (cache miss)
607 timing reifyNode:node_modules/@tiptap/extension-paragraph Completed in 461ms
608 http fetch GET 200 https://registry.npmjs.org/@tiptap/extension-underline/-/extension-underline-3.16.0.tgz 438ms (cache miss)
609 http fetch GET 200 https://registry.npmjs.org/@tiptap/extension-list-item/-/extension-list-item-3.16.0.tgz 434ms (cache miss)
610 timing reifyNode:node_modules/@tiptap/extension-list-item Completed in 461ms
611 timing reifyNode:node_modules/@tiptap/extension-list-keymap Completed in 461ms
612 timing reifyNode:node_modules/@tiptap/extension-bold Completed in 460ms
613 timing reifyNode:node_modules/@tiptap/extension-underline Completed in 462ms
614 http fetch GET 200 https://registry.npmjs.org/@tiptap/extension-code-block/-/extension-code-block-3.16.0.tgz 435ms (cache miss)
615 timing reifyNode:node_modules/@tiptap/extension-horizontal-rule Completed in 463ms
616 http fetch GET 200 https://registry.npmjs.org/@tiptap/extension-document/-/extension-document-3.16.0.tgz 434ms (cache miss)
617 timing reifyNode:node_modules/@tiptap/extension-document Completed in 464ms
618 timing reifyNode:node_modules/@tiptap/extension-code-block Completed in 464ms
619 http fetch GET 200 https://registry.npmjs.org/@tiptap/extension-link/-/extension-link-3.16.0.tgz 438ms (cache miss)
620 timing reifyNode:node_modules/@tiptap/extension-link Completed in 466ms
621 http fetch GET 200 https://registry.npmjs.org/@tiptap/extension-list/-/extension-list-3.16.0.tgz 439ms (cache miss)
622 timing reifyNode:node_modules/@tiptap/extension-list Completed in 467ms
623 http fetch GET 200 https://registry.npmjs.org/@types/use-sync-external-store/-/use-sync-external-store-0.0.6.tgz 455ms (cache miss)
624 timing reifyNode:node_modules/@types/use-sync-external-store Completed in 489ms
625 http fetch GET 200 https://registry.npmjs.org/prosemirror-schema-list/-/prosemirror-schema-list-1.5.1.tgz 458ms (cache miss)
626 timing reifyNode:node_modules/prosemirror-schema-list Completed in 492ms
627 http fetch GET 200 https://registry.npmjs.org/use-sync-external-store/-/use-sync-external-store-1.6.0.tgz 472ms (cache miss)
628 timing reifyNode:node_modules/use-sync-external-store Completed in 505ms
629 http fetch GET 200 https://registry.npmjs.org/@floating-ui/core/-/core-1.7.3.tgz 476ms (cache miss)
630 timing reifyNode:node_modules/@floating-ui/core Completed in 508ms
631 http fetch GET 200 https://registry.npmjs.org/fast-equals/-/fast-equals-5.4.0.tgz 475ms (cache miss)
632 timing reifyNode:node_modules/fast-equals Completed in 509ms
633 http fetch GET 200 https://registry.npmjs.org/@tiptap/extension-blockquote/-/extension-blockquote-3.16.0.tgz 481ms (cache miss)
634 timing reifyNode:node_modules/@tiptap/extension-blockquote Completed in 514ms
635 http fetch GET 200 https://registry.npmjs.org/@tiptap/extension-code/-/extension-code-3.16.0.tgz 502ms (cache miss)
636 timing reifyNode:node_modules/@tiptap/extension-code Completed in 533ms
637 http fetch GET 200 https://registry.npmjs.org/prosemirror-trailing-node/-/prosemirror-trailing-node-3.0.0.tgz 498ms (cache miss)
638 timing reifyNode:node_modules/prosemirror-trailing-node Completed in 533ms
639 http fetch GET 200 https://registry.npmjs.org/prosemirror-view/-/prosemirror-view-1.41.5.tgz 532ms (cache miss)
640 timing reifyNode:node_modules/prosemirror-view Completed in 568ms
641 http fetch GET 200 https://registry.npmjs.org/prosemirror-transform/-/prosemirror-transform-1.11.0.tgz 535ms (cache miss)
642 timing reifyNode:node_modules/prosemirror-transform Completed in 570ms
643 http fetch GET 200 https://registry.npmjs.org/prosemirror-tables/-/prosemirror-tables-1.8.5.tgz 544ms (cache miss)
644 timing reifyNode:node_modules/prosemirror-tables Completed in 580ms
645 http fetch GET 200 https://registry.npmjs.org/prosemirror-state/-/prosemirror-state-1.4.4.tgz 544ms (cache miss)
646 timing reifyNode:node_modules/prosemirror-state Completed in 580ms
647 http fetch GET 200 https://registry.npmjs.org/prosemirror-menu/-/prosemirror-menu-1.2.5.tgz 545ms (cache miss)
648 timing reifyNode:node_modules/prosemirror-menu Completed in 584ms
649 http fetch GET 200 https://registry.npmjs.org/prosemirror-model/-/prosemirror-model-1.25.4.tgz 551ms (cache miss)
650 timing reifyNode:node_modules/prosemirror-model Completed in 588ms
651 http fetch GET 200 https://registry.npmjs.org/@floating-ui/utils/-/utils-0.2.10.tgz 563ms (cache miss)
652 timing reifyNode:node_modules/@floating-ui/utils Completed in 597ms
653 http fetch GET 200 https://registry.npmjs.org/prosemirror-keymap/-/prosemirror-keymap-1.2.3.tgz 591ms (cache miss)
654 timing reifyNode:node_modules/prosemirror-keymap Completed in 629ms
655 http fetch GET 200 https://registry.npmjs.org/prosemirror-inputrules/-/prosemirror-inputrules-1.5.1.tgz 591ms (cache miss)
656 timing reifyNode:node_modules/prosemirror-inputrules Completed in 630ms
657 http fetch GET 200 https://registry.npmjs.org/prosemirror-markdown/-/prosemirror-markdown-1.13.3.tgz 600ms (cache miss)
658 timing reifyNode:node_modules/prosemirror-markdown Completed in 637ms
659 http fetch GET 200 https://registry.npmjs.org/prosemirror-schema-basic/-/prosemirror-schema-basic-1.2.4.tgz 602ms (cache miss)
660 timing reifyNode:node_modules/prosemirror-schema-basic Completed in 642ms
661 http fetch GET 200 https://registry.npmjs.org/prosemirror-dropcursor/-/prosemirror-dropcursor-1.8.2.tgz 608ms (cache miss)
662 timing reifyNode:node_modules/prosemirror-dropcursor Completed in 649ms
663 http fetch GET 200 https://registry.npmjs.org/@floating-ui/dom/-/dom-1.7.4.tgz 622ms (cache miss)
664 timing reifyNode:node_modules/@floating-ui/dom Completed in 659ms
665 http fetch GET 200 https://registry.npmjs.org/@tiptap/extension-italic/-/extension-italic-3.16.0.tgz 648ms (cache miss)
666 http fetch GET 200 https://registry.npmjs.org/@tiptap/extension-strike/-/extension-strike-3.16.0.tgz 652ms (cache miss)
667 http fetch GET 200 https://registry.npmjs.org/@tiptap/extension-heading/-/extension-heading-3.16.0.tgz 648ms (cache miss)
668 timing reifyNode:node_modules/@tiptap/extension-heading Completed in 677ms
669 timing reifyNode:node_modules/@tiptap/extension-strike Completed in 677ms
670 timing reifyNode:node_modules/@tiptap/extension-italic Completed in 678ms
671 http fetch GET 200 https://registry.npmjs.org/prosemirror-history/-/prosemirror-history-1.5.0.tgz 637ms (cache miss)
672 timing reifyNode:node_modules/prosemirror-history Completed in 680ms
673 http fetch GET 200 https://registry.npmjs.org/prosemirror-collab/-/prosemirror-collab-1.3.1.tgz 642ms (cache miss)
674 timing reifyNode:node_modules/prosemirror-collab Completed in 684ms
675 http fetch GET 200 https://registry.npmjs.org/@tiptap/extension-bullet-list/-/extension-bullet-list-3.16.0.tgz 653ms (cache miss)
676 timing reifyNode:node_modules/@tiptap/extension-bullet-list Completed in 685ms
677 http fetch GET 200 https://registry.npmjs.org/@tiptap/starter-kit/-/starter-kit-3.16.0.tgz 651ms (cache miss)
678 timing reifyNode:node_modules/@tiptap/starter-kit Completed in 694ms
679 http fetch GET 200 https://registry.npmjs.org/prosemirror-commands/-/prosemirror-commands-1.7.1.tgz 658ms (cache miss)
680 timing reifyNode:node_modules/prosemirror-commands Completed in 701ms
681 http fetch GET 200 https://registry.npmjs.org/@tiptap/extension-bubble-menu/-/extension-bubble-menu-3.16.0.tgz 670ms (cache miss)
682 timing reifyNode:node_modules/@tiptap/extension-bubble-menu Completed in 706ms
683 http fetch GET 200 https://registry.npmjs.org/@tiptap/extensions/-/extensions-3.16.0.tgz 682ms (cache miss)
684 timing reifyNode:node_modules/@tiptap/extensions Completed in 724ms
685 http fetch GET 200 https://registry.npmjs.org/prosemirror-gapcursor/-/prosemirror-gapcursor-1.4.0.tgz 692ms (cache miss)
686 timing reifyNode:node_modules/prosemirror-gapcursor Completed in 732ms
687 http fetch GET 200 https://registry.npmjs.org/prosemirror-changeset/-/prosemirror-changeset-2.3.1.tgz 698ms (cache miss)
688 http fetch GET 200 https://registry.npmjs.org/@tiptap/extension-dropcursor/-/extension-dropcursor-3.16.0.tgz 714ms (cache miss)
689 timing reifyNode:node_modules/@tiptap/extension-dropcursor Completed in 744ms
690 timing reifyNode:node_modules/prosemirror-changeset Completed in 743ms
691 http fetch GET 200 https://registry.npmjs.org/@tiptap/extension-placeholder/-/extension-placeholder-3.16.0.tgz 701ms (cache miss)
692 timing reifyNode:node_modules/@tiptap/extension-placeholder Completed in 744ms
693 http fetch GET 200 https://registry.npmjs.org/@tiptap/pm/-/pm-3.16.0.tgz 705ms (cache miss)
694 timing reifyNode:node_modules/@tiptap/pm Completed in 776ms
695 http fetch GET 200 https://registry.npmjs.org/tippy.js/-/tippy.js-6.3.7.tgz 748ms (cache miss)
696 timing reifyNode:node_modules/tippy.js Completed in 791ms
697 http fetch GET 200 https://registry.npmjs.org/esbuild 598ms (cache miss)
698 timing metavuln:packument:esbuild Completed in 601ms
699 timing metavuln:load:security-advisory:esbuild:1102341 Completed in 6ms
700 timing metavuln:cache:put:security-advisory:esbuild:jKdCIzePj7J1488qgRXvF8Srh9wutSuR1exB8YooNX62hT+qhtrUXYbArLNoIhgwbaCqKpmduh18syZU7BR9SA== Completed in 4ms
701 timing metavuln:calculate:security-advisory:esbuild:1102341 Completed in 611ms
702 timing metavuln:cache:get:security-advisory:vite:tMBsdAS7JBTyRORp0YaJR984WAAsOxgmReSLBN0Nd41GhzEakjROICqAJ31iOdYG5Ijo/MlJ01p3ig1iN88+Tw== Completed in 0ms
703 http fetch GET 200 https://registry.npmjs.org/@tiptap/extension-floating-menu/-/extension-floating-menu-3.16.0.tgz 1000ms (cache miss)
704 http fetch GET 200 https://registry.npmjs.org/@tiptap/extension-gapcursor/-/extension-gapcursor-3.16.0.tgz 1003ms (cache miss)
705 timing reifyNode:node_modules/@tiptap/extension-gapcursor Completed in 1036ms
706 timing reifyNode:node_modules/@tiptap/extension-floating-menu Completed in 1037ms
707 http fetch GET 200 https://registry.npmjs.org/@tiptap/react/-/react-3.16.0.tgz 995ms (cache miss)
708 timing reifyNode:node_modules/@tiptap/react Completed in 1041ms
709 http fetch GET 200 https://registry.npmjs.org/@tiptap/core/-/core-3.16.0.tgz 1016ms (cache miss)
710 timing reifyNode:node_modules/@tiptap/core Completed in 1066ms
711 http fetch GET 200 https://registry.npmjs.org/@tiptap/extension-mention/-/extension-mention-3.16.0.tgz 1029ms (cache miss)
712 timing reifyNode:node_modules/@tiptap/extension-mention Completed in 1077ms
713 http fetch GET 200 https://registry.npmjs.org/vite 265ms (cache miss)
714 timing metavuln:packument:vite Completed in 274ms
715 timing metavuln:load:security-advisory:vite:jKdCIzePj7J1488qgRXvF8Srh9wutSuR1exB8YooNX62hT+qhtrUXYbArLNoIhgwbaCqKpmduh18syZU7BR9SA== Completed in 36ms
716 timing metavuln:cache:put:security-advisory:vite:tMBsdAS7JBTyRORp0YaJR984WAAsOxgmReSLBN0Nd41GhzEakjROICqAJ31iOdYG5Ijo/MlJ01p3ig1iN88+Tw== Completed in 5ms
717 timing metavuln:calculate:security-advisory:vite:jKdCIzePj7J1488qgRXvF8Srh9wutSuR1exB8YooNX62hT+qhtrUXYbArLNoIhgwbaCqKpmduh18syZU7BR9SA== Completed in 315ms
718 timing metavuln:cache:get:security-advisory:@vitejs/plugin-react:P4XDBxCt1M9jhU3wPSnbYo14hU9TEKKi3dRjV6pE6SGkUMgEqrUpLUvU/o4utnW6O2m8Mrkk3y+AtxEbBn/p0A== Completed in 1ms
719 http fetch GET 200 https://registry.npmjs.org/@tiptap/suggestion/-/suggestion-3.16.0.tgz 1092ms (cache miss)
720 timing reifyNode:node_modules/@tiptap/suggestion Completed in 1136ms
721 timing reify:unpack Completed in 1137ms
722 timing reify:unretire Completed in 1ms
723 timing build:queue Completed in 1ms
724 timing build:link:node_modules/markdown-it Completed in 1ms
725 timing build:link Completed in 1ms
726 timing build:deps Completed in 2ms
727 timing build:queue Completed in 0ms
728 timing build:links Completed in 0ms
729 timing build Completed in 2ms
730 timing reify:build Completed in 2ms
731 timing reify:trash Completed in 2ms
732 timing reify:save Completed in 19ms
733 http fetch GET 200 https://registry.npmjs.org/@vitejs%2fplugin-react 74ms (cache miss)
734 timing metavuln:packument:@vitejs/plugin-react Completed in 74ms
735 timing metavuln:load:security-advisory:@vitejs/plugin-react:tMBsdAS7JBTyRORp0YaJR984WAAsOxgmReSLBN0Nd41GhzEakjROICqAJ31iOdYG5Ijo/MlJ01p3ig1iN88+Tw== Completed in 13ms
736 timing metavuln:cache:put:security-advisory:@vitejs/plugin-react:P4XDBxCt1M9jhU3wPSnbYo14hU9TEKKi3dRjV6pE6SGkUMgEqrUpLUvU/o4utnW6O2m8Mrkk3y+AtxEbBn/p0A== Completed in 2ms
737 timing metavuln:calculate:security-advisory:@vitejs/plugin-react:tMBsdAS7JBTyRORp0YaJR984WAAsOxgmReSLBN0Nd41GhzEakjROICqAJ31iOdYG5Ijo/MlJ01p3ig1iN88+Tw== Completed in 89ms
738 timing auditReport:init Completed in 1019ms
739 timing reify:audit Completed in 1229ms
740 timing reify Completed in 6249ms
741 silly ADD node_modules/@popperjs/core
742 silly ADD node_modules/escape-string-regexp
743 silly ADD node_modules/@remirror/core-constants
744 silly ADD node_modules/orderedmap
745 silly ADD node_modules/crelt
746 silly ADD node_modules/uc.micro
747 silly ADD node_modules/punycode.js
748 silly ADD node_modules/mdurl
749 silly ADD node_modules/linkify-it
750 silly ADD node_modules/entities
751 silly ADD node_modules/argparse
752 silly ADD node_modules/@types/mdurl
753 silly ADD node_modules/@types/linkify-it
754 silly ADD node_modules/markdown-it
755 silly ADD node_modules/@types/markdown-it
756 silly ADD node_modules/w3c-keyname
757 silly ADD node_modules/rope-sequence
758 silly ADD node_modules/linkifyjs
759 silly ADD node_modules/@tiptap/extension-underline
760 silly ADD node_modules/@tiptap/extension-text
761 silly ADD node_modules/@tiptap/extension-strike
762 silly ADD node_modules/@tiptap/extension-paragraph
763 silly ADD node_modules/@tiptap/extension-ordered-list
764 silly ADD node_modules/@tiptap/extension-list-keymap
765 silly ADD node_modules/@tiptap/extension-list-item
766 silly ADD node_modules/@tiptap/extension-link
767 silly ADD node_modules/@tiptap/extension-italic
768 silly ADD node_modules/@tiptap/extension-horizontal-rule
769 silly ADD node_modules/@tiptap/extension-heading
770 silly ADD node_modules/@tiptap/extension-hard-break
771 silly ADD node_modules/@tiptap/extension-gapcursor
772 silly ADD node_modules/@tiptap/extension-dropcursor
773 silly ADD node_modules/@tiptap/extension-document
774 silly ADD node_modules/@tiptap/extension-code-block
775 silly ADD node_modules/@tiptap/extension-code
776 silly ADD node_modules/@tiptap/extension-list
777 silly ADD node_modules/@tiptap/extension-bullet-list
778 silly ADD node_modules/@tiptap/extension-bold
779 silly ADD node_modules/@tiptap/extension-blockquote
780 silly ADD node_modules/@floating-ui/utils
781 silly ADD node_modules/@floating-ui/core
782 silly ADD node_modules/use-sync-external-store
783 silly ADD node_modules/fast-equals
784 silly ADD node_modules/@types/use-sync-external-store
785 silly ADD node_modules/@floating-ui/dom
786 silly ADD node_modules/@tiptap/extension-floating-menu
787 silly ADD node_modules/@tiptap/extension-bubble-menu
788 silly ADD node_modules/prosemirror-transform
789 silly ADD node_modules/prosemirror-view
790 silly ADD node_modules/prosemirror-trailing-node
791 silly ADD node_modules/prosemirror-tables
792 silly ADD node_modules/prosemirror-state
793 silly ADD node_modules/prosemirror-schema-list
794 silly ADD node_modules/prosemirror-schema-basic
795 silly ADD node_modules/prosemirror-model
796 silly ADD node_modules/prosemirror-menu
797 silly ADD node_modules/prosemirror-markdown
798 silly ADD node_modules/prosemirror-keymap
799 silly ADD node_modules/prosemirror-inputrules
800 silly ADD node_modules/prosemirror-history
801 silly ADD node_modules/prosemirror-gapcursor
802 silly ADD node_modules/prosemirror-dropcursor
803 silly ADD node_modules/prosemirror-commands
804 silly ADD node_modules/prosemirror-collab
805 silly ADD node_modules/prosemirror-changeset
806 silly ADD node_modules/tippy.js
807 silly ADD node_modules/@tiptap/starter-kit
808 silly ADD node_modules/@tiptap/react
809 silly ADD node_modules/@tiptap/extensions
810 silly ADD node_modules/@tiptap/extension-placeholder
811 silly ADD node_modules/@tiptap/suggestion
812 silly ADD node_modules/@tiptap/extension-mention
813 silly ADD node_modules/@tiptap/pm
814 silly ADD node_modules/@tiptap/core
815 silly ADD
816 silly ADD
817 silly ADD
818 silly ADD
819 silly ADD
820 silly ADD
821 silly ADD
822 silly ADD
823 silly ADD
824 silly ADD
825 silly ADD
826 silly ADD
827 silly ADD
828 silly ADD
829 silly ADD
830 silly ADD
831 silly ADD
832 silly ADD
833 silly ADD
834 silly ADD
835 silly ADD
836 silly ADD
837 silly ADD
838 silly ADD
839 silly ADD
840 silly ADD
841 silly ADD
842 silly ADD
843 silly ADD
844 silly ADD
845 silly ADD
846 silly ADD
847 silly ADD
848 silly ADD
849 silly ADD
850 silly ADD
851 silly ADD
852 silly ADD
853 silly ADD
854 silly ADD
855 silly ADD
856 silly ADD
857 silly ADD
858 timing command:install Completed in 6602ms
859 verbose exit 0
860 timing npm Completed in 6619ms
861 info ok
